
Timestamp - 2023-11-16 16:08:41.822922797
My Tier Value = 1

insertTierAddr is called , label=1.1 labelLength=3
tierAddr of Tier 1 Node = 1.1
Converting IP to binary...


 MNLR started  ... 
Control PayLoad 0 --- 1.1

 My labels are: 1.1 

 Processing messages now...

_get_MACTest : checkMSGType=7

Received MESSAGE_TYPE_JOIN from : eth1
Timestamp - 2023-11-16 16:08:49.019381345TEST: Message Counter 1

My Tier Value = 1 
Tier Value of the Requested Node = 2 
MESSAGE_TYPE_JOIN request received from a node at lower tier 
Generating the label for the node
Interface from which the request recvd = eth1

 Inside generateChildLabel
 Child port = eth1
Port : eth1
Port_tag : 2
 Going through each of my tier addresses , primary address = 1.1

 Current TierAddress = 1.1 

 My TierAddress = 1.1
 After appending the uid of the parent, childLabel = 2.1 
 temp = .1
 After appending the port ID, ChildLabel = 2.1.1
 childLabel = 2.1.1  strlen(childLabel)=5
 newLabel->label = 2.1.1  strlen(newLabel->label)=5
 Created the new child label = 2.1.1

 Exit: generateChildLabel , Number of labels generated = 1 

msg_typ_join : Labels are generated

 msg_typ_join : Creating the payload to send the new labels 2.1.1

 msg_typ_join : labelAssignmentPayLoad(string) = 1
 label list is not null

 current label in the message = 2.1.1

 msg_typ_join : GETTING THE NEXT LABEL 

 Sending MESSAGE_TYPE_LABELS_AVAILABLE  to all the interface, interfaceListSize = 0 payloadSize=7 

CONV_TIME:1700150929.019459
ETH_SIZE:128

_get_MACTest : checkMSGType=7

Received MESSAGE_TYPE_JOIN from : eth1
Timestamp - 2023-11-16 16:08:50.019573615TEST: Message Counter 2

My Tier Value = 1 
Tier Value of the Requested Node = 2 
MESSAGE_TYPE_JOIN request received from a node at lower tier 
Generating the label for the node
Interface from which the request recvd = eth1

 Inside generateChildLabel
 Child port = eth1
 Going through each of my tier addresses , primary address = 1.1

 Current TierAddress = 1.1 

 My TierAddress = 1.1
 After appending the uid of the parent, childLabel = 2.1 
 temp = .1
 After appending the port ID, ChildLabel = 2.1.1
 childLabel = 2.1.1  strlen(childLabel)=5
 newLabel->label = 2.1.1  strlen(newLabel->label)=5
 Created the new child label = 2.1.1

 Exit: generateChildLabel , Number of labels generated = 1 

msg_typ_join : Labels are generated

 msg_typ_join : Creating the payload to send the new labels 2.1.1

 msg_typ_join : labelAssignmentPayLoad(string) = 1
 label list is not null

 current label in the message = 2.1.1

 msg_typ_join : GETTING THE NEXT LABEL 

 Sending MESSAGE_TYPE_LABELS_AVAILABLE  to all the interface, interfaceListSize = 0 payloadSize=7 

CONV_TIME:1700150930.019648
ETH_SIZE:128

_get_MACTest : checkMSGType=7

Received MESSAGE_TYPE_JOIN from : eth1
Timestamp - 2023-11-16 16:08:51.019739175TEST: Message Counter 3

 MessageCount >= 3 : eth1
TEST: Head node removed from stagging value was eth1

My Tier Value = 1 
Tier Value of the Requested Node = 2 
MESSAGE_TYPE_JOIN request received from a node at lower tier 
Generating the label for the node
Interface from which the request recvd = eth1

 Inside generateChildLabel
 Child port = eth1
 Going through each of my tier addresses , primary address = 1.1

 Current TierAddress = 1.1 

 My TierAddress = 1.1
 After appending the uid of the parent, childLabel = 2.1 
 temp = .1
 After appending the port ID, ChildLabel = 2.1.1
 childLabel = 2.1.1  strlen(childLabel)=5
 newLabel->label = 2.1.1  strlen(newLabel->label)=5
 Created the new child label = 2.1.1

 Exit: generateChildLabel , Number of labels generated = 1 

msg_typ_join : Labels are generated

 msg_typ_join : Creating the payload to send the new labels 2.1.1

 msg_typ_join : labelAssignmentPayLoad(string) = 1
 label list is not null

 current label in the message = 2.1.1

 msg_typ_join : GETTING THE NEXT LABEL 

 Sending MESSAGE_TYPE_LABELS_AVAILABLE  to all the interface, interfaceListSize = 0 payloadSize=7 

CONV_TIME:1700150931.019815
ETH_SIZE:128

_get_MACTest : checkMSGType=10

 Received MESSAGE_TYPE_MY_LABELS_ADD on : eth1 

Timestamp - 2023-11-16 16:08:51.019914695  No. of Tier Addr : 1
      Tier Address  Length : 5 
      Number of Tier Address : 1, value of z : 0 

TEST: Node added successfully 2.1.1

*************** Neighbor Table *************
 ------- 2.1.1 -----

 My labels are: 1.1 

CONV_TIME:1700150931.019930
ETH_SIZE:176
CHURN_TRUE

_get_MACTest : checkMSGType=9

 Received MESSAGE_TYPE_LABELS_ACCEPTED 

Timestamp - 2023-11-16 16:08:51.020027707
CONV_TIME:1700150931.020035
ETH_SIZE:128

_get_MACTest : checkMSGType=7

Received MESSAGE_TYPE_JOIN from : eth1
Timestamp - 2023-11-16 16:08:51.020207596
My Tier Value = 1 
Tier Value of the Requested Node = 2 
MESSAGE_TYPE_JOIN request received from a node at lower tier 
Generating the label for the node
Interface from which the request recvd = eth1

 Inside generateChildLabel
 Child port = eth1
 Going through each of my tier addresses , primary address = 1.1

 Current TierAddress = 1.1 

 My TierAddress = 1.1
 After appending the uid of the parent, childLabel = 2.1 
 temp = .1
 After appending the port ID, ChildLabel = 2.1.1
 childLabel = 2.1.1  strlen(childLabel)=5
 newLabel->label = 2.1.1  strlen(newLabel->label)=5
 Created the new child label = 2.1.1

 Exit: generateChildLabel , Number of labels generated = 1 

msg_typ_join : Labels are generated

 msg_typ_join : Creating the payload to send the new labels 2.1.1

 msg_typ_join : labelAssignmentPayLoad(string) = 1
 label list is not null

 current label in the message = 2.1.1

 msg_typ_join : GETTING THE NEXT LABEL 

 Sending MESSAGE_TYPE_LABELS_AVAILABLE  to all the interface, interfaceListSize = 0 payloadSize=7 

CONV_TIME:1700150931.020254
ETH_SIZE:128

_get_MACTest : checkMSGType=9

 Received MESSAGE_TYPE_LABELS_ACCEPTED 

Timestamp - 2023-11-16 16:08:51.020468466
CONV_TIME:1700150931.020475
ETH_SIZE:128

_get_MACTest : checkMSGType=7

Received MESSAGE_TYPE_JOIN from : eth2
Timestamp - 2023-11-16 16:08:55.543608325TEST: Message Counter 1

My Tier Value = 1 
Tier Value of the Requested Node = 2 
MESSAGE_TYPE_JOIN request received from a node at lower tier 
Generating the label for the node
Interface from which the request recvd = eth2

 Inside generateChildLabel
 Child port = eth2
Port : eth2
Port_tag : 2
 Going through each of my tier addresses , primary address = 1.1

 Current TierAddress = 1.1 

 My TierAddress = 1.1
 After appending the uid of the parent, childLabel = 2.1 
 temp = .2
 After appending the port ID, ChildLabel = 2.1.2
 childLabel = 2.1.2  strlen(childLabel)=5
 newLabel->label = 2.1.2  strlen(newLabel->label)=5
 Created the new child label = 2.1.2

 Exit: generateChildLabel , Number of labels generated = 1 

msg_typ_join : Labels are generated

 msg_typ_join : Creating the payload to send the new labels 2.1.2

 msg_typ_join : labelAssignmentPayLoad(string) = 1
 label list is not null

 current label in the message = 2.1.2

 msg_typ_join : GETTING THE NEXT LABEL 

 Sending MESSAGE_TYPE_LABELS_AVAILABLE  to all the interface, interfaceListSize = 0 payloadSize=7 

CONV_TIME:1700150935.543682
ETH_SIZE:128

_get_MACTest : checkMSGType=7

Received MESSAGE_TYPE_JOIN from : eth2
Timestamp - 2023-11-16 16:08:56.543803802TEST: Message Counter 2

My Tier Value = 1 
Tier Value of the Requested Node = 2 
MESSAGE_TYPE_JOIN request received from a node at lower tier 
Generating the label for the node
Interface from which the request recvd = eth2

 Inside generateChildLabel
 Child port = eth2
 Going through each of my tier addresses , primary address = 1.1

 Current TierAddress = 1.1 

 My TierAddress = 1.1
 After appending the uid of the parent, childLabel = 2.1 
 temp = .2
 After appending the port ID, ChildLabel = 2.1.2
 childLabel = 2.1.2  strlen(childLabel)=5
 newLabel->label = 2.1.2  strlen(newLabel->label)=5
 Created the new child label = 2.1.2

 Exit: generateChildLabel , Number of labels generated = 1 

msg_typ_join : Labels are generated

 msg_typ_join : Creating the payload to send the new labels 2.1.2

 msg_typ_join : labelAssignmentPayLoad(string) = 1
 label list is not null

 current label in the message = 2.1.2

 msg_typ_join : GETTING THE NEXT LABEL 

 Sending MESSAGE_TYPE_LABELS_AVAILABLE  to all the interface, interfaceListSize = 0 payloadSize=7 

CONV_TIME:1700150936.543863
ETH_SIZE:128

_get_MACTest : checkMSGType=7

Received MESSAGE_TYPE_JOIN from : eth2
Timestamp - 2023-11-16 16:08:57.543995822TEST: Message Counter 3

 MessageCount >= 3 : eth2
TEST: Head node removed from stagging value was eth2

My Tier Value = 1 
Tier Value of the Requested Node = 2 
MESSAGE_TYPE_JOIN request received from a node at lower tier 
Generating the label for the node
Interface from which the request recvd = eth2

 Inside generateChildLabel
 Child port = eth2
 Going through each of my tier addresses , primary address = 1.1

 Current TierAddress = 1.1 

 My TierAddress = 1.1
 After appending the uid of the parent, childLabel = 2.1 
 temp = .2
 After appending the port ID, ChildLabel = 2.1.2
 childLabel = 2.1.2  strlen(childLabel)=5
 newLabel->label = 2.1.2  strlen(newLabel->label)=5
 Created the new child label = 2.1.2

 Exit: generateChildLabel , Number of labels generated = 1 

msg_typ_join : Labels are generated

 msg_typ_join : Creating the payload to send the new labels 2.1.2

 msg_typ_join : labelAssignmentPayLoad(string) = 1
 label list is not null

 current label in the message = 2.1.2

 msg_typ_join : GETTING THE NEXT LABEL 

 Sending MESSAGE_TYPE_LABELS_AVAILABLE  to all the interface, interfaceListSize = 0 payloadSize=7 

CONV_TIME:1700150937.544056
ETH_SIZE:128

_get_MACTest : checkMSGType=7

Received MESSAGE_TYPE_JOIN from : eth2
Timestamp - 2023-11-16 16:08:58.544142176
My Tier Value = 1 
Tier Value of the Requested Node = 2 
MESSAGE_TYPE_JOIN request received from a node at lower tier 
Generating the label for the node
Interface from which the request recvd = eth2

 Inside generateChildLabel
 Child port = eth2
 Going through each of my tier addresses , primary address = 1.1

 Current TierAddress = 1.1 

 My TierAddress = 1.1
 After appending the uid of the parent, childLabel = 2.1 
 temp = .2
 After appending the port ID, ChildLabel = 2.1.2
 childLabel = 2.1.2  strlen(childLabel)=5
 newLabel->label = 2.1.2  strlen(newLabel->label)=5
 Created the new child label = 2.1.2

 Exit: generateChildLabel , Number of labels generated = 1 

msg_typ_join : Labels are generated

 msg_typ_join : Creating the payload to send the new labels 2.1.2

 msg_typ_join : labelAssignmentPayLoad(string) = 1
 label list is not null

 current label in the message = 2.1.2

 msg_typ_join : GETTING THE NEXT LABEL 

 Sending MESSAGE_TYPE_LABELS_AVAILABLE  to all the interface, interfaceListSize = 0 payloadSize=7 

CONV_TIME:1700150938.544205
ETH_SIZE:128

_get_MACTest : checkMSGType=7

Received MESSAGE_TYPE_JOIN from : eth2
Timestamp - 2023-11-16 16:08:59.544316543
My Tier Value = 1 
Tier Value of the Requested Node = 2 
MESSAGE_TYPE_JOIN request received from a node at lower tier 
Generating the label for the node
Interface from which the request recvd = eth2

 Inside generateChildLabel
 Child port = eth2
 Going through each of my tier addresses , primary address = 1.1

 Current TierAddress = 1.1 

 My TierAddress = 1.1
 After appending the uid of the parent, childLabel = 2.1 
 temp = .2
 After appending the port ID, ChildLabel = 2.1.2
 childLabel = 2.1.2  strlen(childLabel)=5
 newLabel->label = 2.1.2  strlen(newLabel->label)=5
 Created the new child label = 2.1.2

 Exit: generateChildLabel , Number of labels generated = 1 

msg_typ_join : Labels are generated

 msg_typ_join : Creating the payload to send the new labels 2.1.2

 msg_typ_join : labelAssignmentPayLoad(string) = 1
 label list is not null

 current label in the message = 2.1.2

 msg_typ_join : GETTING THE NEXT LABEL 

 Sending MESSAGE_TYPE_LABELS_AVAILABLE  to all the interface, interfaceListSize = 0 payloadSize=7 

CONV_TIME:1700150939.544376
ETH_SIZE:128

_get_MACTest : checkMSGType=10

 Received MESSAGE_TYPE_MY_LABELS_ADD on : eth2 

Timestamp - 2023-11-16 16:08:59.544483657  No. of Tier Addr : 1
      Tier Address  Length : 5 
      Number of Tier Address : 1, value of z : 0 

TEST: Node appended successfully 2.1.2

*************** Neighbor Table *************
 ------- 2.1.1 -----
 ------- 2.1.2 -----

 My labels are: 1.1 

CONV_TIME:1700150939.544499
ETH_SIZE:176
CHURN_TRUE

_get_MACTest : checkMSGType=9

 Received MESSAGE_TYPE_LABELS_ACCEPTED 

Timestamp - 2023-11-16 16:08:59.544654038
CONV_TIME:1700150939.544660
ETH_SIZE:128

_get_MACTest : checkMSGType=7

Received MESSAGE_TYPE_JOIN from : eth2
Timestamp - 2023-11-16 16:08:59.544797827
My Tier Value = 1 
Tier Value of the Requested Node = 2 
MESSAGE_TYPE_JOIN request received from a node at lower tier 
Generating the label for the node
Interface from which the request recvd = eth2

 Inside generateChildLabel
 Child port = eth2
 Going through each of my tier addresses , primary address = 1.1

 Current TierAddress = 1.1 

 My TierAddress = 1.1
 After appending the uid of the parent, childLabel = 2.1 
 temp = .2
 After appending the port ID, ChildLabel = 2.1.2
 childLabel = 2.1.2  strlen(childLabel)=5
 newLabel->label = 2.1.2  strlen(newLabel->label)=5
 Created the new child label = 2.1.2

 Exit: generateChildLabel , Number of labels generated = 1 

msg_typ_join : Labels are generated

 msg_typ_join : Creating the payload to send the new labels 2.1.2

 msg_typ_join : labelAssignmentPayLoad(string) = 1
 label list is not null

 current label in the message = 2.1.2

 msg_typ_join : GETTING THE NEXT LABEL 

 Sending MESSAGE_TYPE_LABELS_AVAILABLE  to all the interface, interfaceListSize = 0 payloadSize=7 

CONV_TIME:1700150939.544843
ETH_SIZE:128

_get_MACTest : checkMSGType=9

 Received MESSAGE_TYPE_LABELS_ACCEPTED 

Timestamp - 2023-11-16 16:08:59.545064448
CONV_TIME:1700150939.545071
ETH_SIZE:128

_get_MACTest : checkMSGType=5

 Message 5 on : eth1
Timestamp - 2023-11-16 16:09:05.723162014

TierLen :7 TierAddr: 3.1.1.1

ipLen :4 ipAddr: 192.168.8.0 cidr: 24
 tablehead == NULL
Tier Address		IP Address
3.1.1.1			192.168.8.0/24

CONV_TIME:1700150945.723242
ETH_SIZE:232
CHURN_TRUE

_get_MACTest : checkMSGType=5

 Message 5 on : eth2
Timestamp - 2023-11-16 16:09:05.723309752

TierLen :7 TierAddr: 3.1.1.1

ipLen :4 ipAddr: 192.168.8.0 cidr: 24

TierLen :7 TierAddr: 3.1.2.4

ipLen :4 ipAddr: 192.168.8.0 cidr: 24
Tier Address		IP Address
3.1.1.1			192.168.8.0/24
3.1.2.4			192.168.8.0/24

CONV_TIME:1700150945.723405
ETH_SIZE:232
CHURN_TRUE

_get_MACTest : checkMSGType=5

 Message 5 on : eth2
Timestamp - 2023-11-16 16:09:05.723478579

TierLen :7 TierAddr: 3.1.2.4

ipLen :4 ipAddr: 192.168.8.0 cidr: 24
CONV_TIME:1700150945.723528
ETH_SIZE:232

_get_MACTest : checkMSGType=5

 Message 5 on : eth1
Timestamp - 2023-11-16 16:09:05.723578116

TierLen :7 TierAddr: 3.1.2.4

ipLen :4 ipAddr: 192.168.8.0 cidr: 24
CONV_TIME:1700150945.723626
ETH_SIZE:232

_get_MACTest : checkMSGType=5

 Message 5 on : eth2
Timestamp - 2023-11-16 16:09:12.276262971

TierLen :7 TierAddr: 3.1.2.3

ipLen :4 ipAddr: 192.168.9.0 cidr: 24
Tier Address		IP Address
3.1.1.1			192.168.8.0/24
3.1.2.4			192.168.8.0/24
3.1.2.3			192.168.9.0/24

CONV_TIME:1700150952.276347
ETH_SIZE:232
CHURN_TRUE

_get_MACTest : checkMSGType=5

 Message 5 on : eth1
Timestamp - 2023-11-16 16:09:12.276469950

TierLen :7 TierAddr: 3.1.2.3

ipLen :4 ipAddr: 192.168.9.0 cidr: 24

TierLen :7 TierAddr: 3.1.1.3

ipLen :4 ipAddr: 192.168.9.0 cidr: 24
Tier Address		IP Address
3.1.1.1			192.168.8.0/24
3.1.2.4			192.168.8.0/24
3.1.2.3			192.168.9.0/24
3.1.1.3			192.168.9.0/24

CONV_TIME:1700150952.276559
ETH_SIZE:232
CHURN_TRUE

_get_MACTest : checkMSGType=5

 Message 5 on : eth2
Timestamp - 2023-11-16 16:09:12.276636262

TierLen :7 TierAddr: 3.1.1.3

ipLen :4 ipAddr: 192.168.9.0 cidr: 24
CONV_TIME:1700150952.276685
ETH_SIZE:232

_get_MACTest : checkMSGType=5

 Message 5 on : eth1
Timestamp - 2023-11-16 16:09:12.276735920

TierLen :7 TierAddr: 3.1.1.3

ipLen :4 ipAddr: 192.168.9.0 cidr: 24
CONV_TIME:1700150952.276784
ETH_SIZE:232

_get_MACTest : checkMSGType=14

 Received MESSAGE_TYPE_LABELS_LOST on : eth1 

Timestamp - 2023-11-16 16:11:52.606793692totalEntries = 1

TierLen :7 TierAddr: 3.1.1.3

Removing 3.1.1.3 

publishIPLabelMap : label : 3.1.1.3
Sending MESSAGE_TYPE_PUBLISH_IP_DELETE message to - eth1 at 
Sending MESSAGE_TYPE_PUBLISH_IP_DELETE message to - eth2 at 
Tier Address		IP Address
3.1.1.1			192.168.8.0/24
3.1.2.4			192.168.8.0/24
3.1.2.3			192.168.9.0/24

CONV_TIME:1700151112.606942
ETH_SIZE:192
CHURN_TRUE

_get_MACTest : checkMSGType=14

 Received MESSAGE_TYPE_LABELS_LOST on : eth2 

Timestamp - 2023-11-16 16:11:52.625762797totalEntries = 1

TierLen :7 TierAddr: 3.1.2.3

Removing 3.1.2.3 

publishIPLabelMap : label : 3.1.2.3
Sending MESSAGE_TYPE_PUBLISH_IP_DELETE message to - eth1 at 
Sending MESSAGE_TYPE_PUBLISH_IP_DELETE message to - eth2 at 
Tier Address		IP Address
3.1.1.1			192.168.8.0/24
3.1.2.4			192.168.8.0/24

CONV_TIME:1700151112.625913
ETH_SIZE:192
CHURN_TRUE

eth1
IF_TIMER_DOWN:1700151113.891936

Timestamp - 2023-11-16 16:11:53.891942629
TEST862: Head node removed value was 2.1.1

match_Port deleted: eth1

 newaddress = 2.1.1
Found grand child 3.1.1.1

Removing 3.1.1.1 

publishIPLabelMap : label : 3.1.1.1
Sending MESSAGE_TYPE_PUBLISH_IP_DELETE message to - eth1 at 
Sending MESSAGE_TYPE_PUBLISH_IP_DELETE message to - eth2 at TEST: other stable node removed value was eth1

Neighbour Table after removing the addresses of the unreachable node
Timestamp - 2023-11-16 16:11:53.892115384
*************** Neighbor Table *************
 ------- 2.1.2 -----

My Label Table after removing unreachable node
Timestamp - 2023-11-16 16:11:53.892125984
 My labels are: 1.1 

Updated Label List
Timestamp - 2023-11-16 16:11:53.892132426
Tier Address		IP Address
3.1.2.4			192.168.8.0/24

eth2
IF_TIMER_DOWN:1700151114.392351

Timestamp - 2023-11-16 16:11:54.392359032
TEST862: Head node removed value was 2.1.2

match_Port deleted: eth2

 newaddress = 2.1.2
Found grand child 3.1.2.4

Removing 3.1.2.4 

publishIPLabelMap : label : 3.1.2.4
Sending MESSAGE_TYPE_PUBLISH_IP_DELETE message to - eth1 at 
Sending MESSAGE_TYPE_PUBLISH_IP_DELETE message to - eth2 at TEST: Head stable node removed value was eth2

Neighbour Table after removing the addresses of the unreachable node
Timestamp - 2023-11-16 16:11:54.392523751ERROR: Neighbor List is empty (Isolated Node)

My Label Table after removing unreachable node
Timestamp - 2023-11-16 16:11:54.392532357
 My labels are: 1.1 

Updated Label List
