
Timestamp - 2023-11-16 16:08:48.015992346
My Tier Value = 2
Converting IP to binary...


 Entering getMyTierAddresses
 Created a socket for auto address label! 
 Sending NULL join request to all its interfaces, interfaceListSize = 5  payloadSize=1
Timestamp - 2023-11-16 16:08:49.016611612
 Waiting for MESSAGE_TYPE_LABELS_AVAILABLE message
 Sending NULL join request to all its interfaces, interfaceListSize = 5  payloadSize=1
Timestamp - 2023-11-16 16:08:50.016836087
 Waiting for MESSAGE_TYPE_LABELS_AVAILABLE message
 Sending NULL join request to all its interfaces, interfaceListSize = 5  payloadSize=1
Timestamp - 2023-11-16 16:08:51.016986234
 Waiting for MESSAGE_TYPE_LABELS_AVAILABLE message
 Received MESSAGE_TYPE_LABELS_AVAILABLE_2 

 Number of Labels available = 1
Port : eth4
Port_tag : 3
 Label Length = 5

 Label  = 2.1.1  Label length= 5

insertTierAddr is called , label=2.1.1 labelLength=5

Adding the label to the list

Adding all other labels to the list
 2.1.1
inTier : 2.1.1
Sending MESSAGE_TYPE_MY_LABELS_ADD message to - eth1 at 
Sending MESSAGE_TYPE_MY_LABELS_ADD message to - eth2 at 
Sending MESSAGE_TYPE_MY_LABELS_ADD message to - eth3 at 
Sending MESSAGE_TYPE_MY_LABELS_ADD message to - eth4 at 
 My labels are: 2.1.1 

 Exiting getMyTierAddresses
 MNLR started  ... 
Control PayLoad 0 --- 2.1.1

 My labels are: 2.1.1 

 Processing messages now...

 Sending NULL join request to all its interfaces, interfaceListSize = 5 payloadSize=1
_get_MACTest : checkMSGType=8

 Received MESSAGE_TYPE_LABELS_AVAILABLE 

Timestamp - 2023-11-16 16:08:51.017630033TEST: Message Counter 1

 Number of Labels available = 1

 Label Length = 5

 Label  =2.1.1 Label length= 5

insertTierAddr is called , label=2.1.1 labelLength=5

 findTierAddr : Label to check=2.1.1, current label=2.1.1 

insertTierAddr checkNode=0 
 My labels are: 2.1.1 

 Calling printMyLabels linenumber =3252
CONV_TIME:1700150931.017763
ETH_SIZE:176
TEST: Message Counter 2
TEST: Message Counter 3

 MessageCount >= 3 : eth4
TEST: Head node removed from stagging value was eth4

TEST: Node added successfully 1.1

*************** Neighbor Table *************
 ------- 1.1 -----

 My labels are: 2.1.1 

_get_MACTest : checkMSGType=7

Received MESSAGE_TYPE_JOIN from : eth2
Timestamp - 2023-11-16 16:08:55.540964582TEST: Message Counter 1

My Tier Value = 2 
Tier Value of the Requested Node = 2 
CONV_TIME:1700150935.540993
ETH_SIZE:128

_get_MACTest : checkMSGType=7

Received MESSAGE_TYPE_JOIN from : eth2
Timestamp - 2023-11-16 16:08:56.541165583TEST: Message Counter 2

My Tier Value = 2 
Tier Value of the Requested Node = 2 
CONV_TIME:1700150936.541184
ETH_SIZE:128

_get_MACTest : checkMSGType=7

Received MESSAGE_TYPE_JOIN from : eth2
Timestamp - 2023-11-16 16:08:57.541645678TEST: Message Counter 3

 MessageCount >= 3 : eth2
TEST: Head node removed from stagging value was eth2

My Tier Value = 2 
Tier Value of the Requested Node = 2 
CONV_TIME:1700150937.541679
ETH_SIZE:128

_get_MACTest : checkMSGType=7

Received MESSAGE_TYPE_JOIN from : eth2
Timestamp - 2023-11-16 16:08:58.541520056
My Tier Value = 2 
Tier Value of the Requested Node = 2 
CONV_TIME:1700150938.541542
ETH_SIZE:128

_get_MACTest : checkMSGType=7

Received MESSAGE_TYPE_JOIN from : eth2
Timestamp - 2023-11-16 16:08:59.541681943
My Tier Value = 2 
Tier Value of the Requested Node = 2 
CONV_TIME:1700150939.541698
ETH_SIZE:128

_get_MACTest : checkMSGType=10

 Received MESSAGE_TYPE_MY_LABELS_ADD on : eth2 

Timestamp - 2023-11-16 16:08:59.541858846  No. of Tier Addr : 1
      Tier Address  Length : 5 
      Number of Tier Address : 1, value of z : 0 

Port : eth2
Port_tag : 1
TEST: Node appended successfully 2.1.2

*************** Neighbor Table *************
 ------- 1.1 -----
 ------- 2.1.2 -----

 My labels are: 2.1.1 

CONV_TIME:1700150939.541878
ETH_SIZE:176
CHURN_TRUE

_get_MACTest : checkMSGType=7

Received MESSAGE_TYPE_JOIN from : eth2
Timestamp - 2023-11-16 16:08:59.542179719
My Tier Value = 2 
Tier Value of the Requested Node = 2 
CONV_TIME:1700150939.542188
ETH_SIZE:128

_get_MACTest : checkMSGType=7

Received MESSAGE_TYPE_JOIN from : eth1
Timestamp - 2023-11-16 16:09:01.718526972TEST: Message Counter 1

My Tier Value = 2 
Tier Value of the Requested Node = 3 
MESSAGE_TYPE_JOIN request received from a node at lower tier 
Generating the label for the node
Interface from which the request recvd = eth1

 Inside generateChildLabel
 Child port = eth1
Port : eth1
Port_tag : 2
 Going through each of my tier addresses , primary address = 2.1.1

 Current TierAddress = 2.1.1 

 My TierAddress = 2.1.1
 After appending the uid of the parent, childLabel = 3.1.1 
 temp = .1
 After appending the port ID, ChildLabel = 3.1.1.1
 childLabel = 3.1.1.1  strlen(childLabel)=7
 newLabel->label = 3.1.1.1  strlen(newLabel->label)=7
 Created the new child label = 3.1.1.1

 Exit: generateChildLabel , Number of labels generated = 1 

msg_typ_join : Labels are generated

 msg_typ_join : Creating the payload to send the new labels 3.1.1.1

 msg_typ_join : labelAssignmentPayLoad(string) = 1
 label list is not null

 current label in the message = 3.1.1.1

 msg_typ_join : GETTING THE NEXT LABEL 

 Sending MESSAGE_TYPE_LABELS_AVAILABLE  to all the interface, interfaceListSize = 0 payloadSize=9 

CONV_TIME:1700150941.718619
ETH_SIZE:128

_get_MACTest : checkMSGType=7

Received MESSAGE_TYPE_JOIN from : eth1
Timestamp - 2023-11-16 16:09:02.718763159TEST: Message Counter 2

My Tier Value = 2 
Tier Value of the Requested Node = 3 
MESSAGE_TYPE_JOIN request received from a node at lower tier 
Generating the label for the node
Interface from which the request recvd = eth1

 Inside generateChildLabel
 Child port = eth1
 Going through each of my tier addresses , primary address = 2.1.1

 Current TierAddress = 2.1.1 

 My TierAddress = 2.1.1
 After appending the uid of the parent, childLabel = 3.1.1 
 temp = .1
 After appending the port ID, ChildLabel = 3.1.1.1
 childLabel = 3.1.1.1  strlen(childLabel)=7
 newLabel->label = 3.1.1.1  strlen(newLabel->label)=7
 Created the new child label = 3.1.1.1

 Exit: generateChildLabel , Number of labels generated = 1 

msg_typ_join : Labels are generated

 msg_typ_join : Creating the payload to send the new labels 3.1.1.1

 msg_typ_join : labelAssignmentPayLoad(string) = 1
 label list is not null

 current label in the message = 3.1.1.1

 msg_typ_join : GETTING THE NEXT LABEL 

 Sending MESSAGE_TYPE_LABELS_AVAILABLE  to all the interface, interfaceListSize = 0 payloadSize=9 

CONV_TIME:1700150942.718844
ETH_SIZE:128

_get_MACTest : checkMSGType=7

Received MESSAGE_TYPE_JOIN from : eth1
Timestamp - 2023-11-16 16:09:03.718959270TEST: Message Counter 3

 MessageCount >= 3 : eth1
TEST: Head node removed from stagging value was eth1

My Tier Value = 2 
Tier Value of the Requested Node = 3 
MESSAGE_TYPE_JOIN request received from a node at lower tier 
Generating the label for the node
Interface from which the request recvd = eth1

 Inside generateChildLabel
 Child port = eth1
 Going through each of my tier addresses , primary address = 2.1.1

 Current TierAddress = 2.1.1 

 My TierAddress = 2.1.1
 After appending the uid of the parent, childLabel = 3.1.1 
 temp = .1
 After appending the port ID, ChildLabel = 3.1.1.1
 childLabel = 3.1.1.1  strlen(childLabel)=7
 newLabel->label = 3.1.1.1  strlen(newLabel->label)=7
 Created the new child label = 3.1.1.1

 Exit: generateChildLabel , Number of labels generated = 1 

msg_typ_join : Labels are generated

 msg_typ_join : Creating the payload to send the new labels 3.1.1.1

 msg_typ_join : labelAssignmentPayLoad(string) = 1
 label list is not null

 current label in the message = 3.1.1.1

 msg_typ_join : GETTING THE NEXT LABEL 

 Sending MESSAGE_TYPE_LABELS_AVAILABLE  to all the interface, interfaceListSize = 0 payloadSize=9 

CONV_TIME:1700150943.719020
ETH_SIZE:128

_get_MACTest : checkMSGType=7

Received MESSAGE_TYPE_JOIN from : eth1
Timestamp - 2023-11-16 16:09:04.719149481
My Tier Value = 2 
Tier Value of the Requested Node = 3 
MESSAGE_TYPE_JOIN request received from a node at lower tier 
Generating the label for the node
Interface from which the request recvd = eth1

 Inside generateChildLabel
 Child port = eth1
 Going through each of my tier addresses , primary address = 2.1.1

 Current TierAddress = 2.1.1 

 My TierAddress = 2.1.1
 After appending the uid of the parent, childLabel = 3.1.1 
 temp = .1
 After appending the port ID, ChildLabel = 3.1.1.1
 childLabel = 3.1.1.1  strlen(childLabel)=7
 newLabel->label = 3.1.1.1  strlen(newLabel->label)=7
 Created the new child label = 3.1.1.1

 Exit: generateChildLabel , Number of labels generated = 1 

msg_typ_join : Labels are generated

 msg_typ_join : Creating the payload to send the new labels 3.1.1.1

 msg_typ_join : labelAssignmentPayLoad(string) = 1
 label list is not null

 current label in the message = 3.1.1.1

 msg_typ_join : GETTING THE NEXT LABEL 

 Sending MESSAGE_TYPE_LABELS_AVAILABLE  to all the interface, interfaceListSize = 0 payloadSize=9 

CONV_TIME:1700150944.719203
ETH_SIZE:128

_get_MACTest : checkMSGType=7

Received MESSAGE_TYPE_JOIN from : eth1
Timestamp - 2023-11-16 16:09:05.719710920
My Tier Value = 2 
Tier Value of the Requested Node = 3 
MESSAGE_TYPE_JOIN request received from a node at lower tier 
Generating the label for the node
Interface from which the request recvd = eth1

 Inside generateChildLabel
 Child port = eth1
 Going through each of my tier addresses , primary address = 2.1.1

 Current TierAddress = 2.1.1 

 My TierAddress = 2.1.1
 After appending the uid of the parent, childLabel = 3.1.1 
 temp = .1
 After appending the port ID, ChildLabel = 3.1.1.1
 childLabel = 3.1.1.1  strlen(childLabel)=7
 newLabel->label = 3.1.1.1  strlen(newLabel->label)=7
 Created the new child label = 3.1.1.1

 Exit: generateChildLabel , Number of labels generated = 1 

msg_typ_join : Labels are generated

 msg_typ_join : Creating the payload to send the new labels 3.1.1.1

 msg_typ_join : labelAssignmentPayLoad(string) = 1
 label list is not null

 current label in the message = 3.1.1.1

 msg_typ_join : GETTING THE NEXT LABEL 

 Sending MESSAGE_TYPE_LABELS_AVAILABLE  to all the interface, interfaceListSize = 0 payloadSize=9 

CONV_TIME:1700150945.719775
ETH_SIZE:128

_get_MACTest : checkMSGType=10

 Received MESSAGE_TYPE_MY_LABELS_ADD on : eth1 

Timestamp - 2023-11-16 16:09:05.719872853  No. of Tier Addr : 1
      Tier Address  Length : 7 
      Number of Tier Address : 1, value of z : 0 

TEST: Node appended successfully 3.1.1.1

*************** Neighbor Table *************
 ------- 1.1 -----
 ------- 2.1.2 -----
 ------- 3.1.1.1 -----

 My labels are: 2.1.1 

CONV_TIME:1700150945.719891
ETH_SIZE:192
CHURN_TRUE

_get_MACTest : checkMSGType=9

 Received MESSAGE_TYPE_LABELS_ACCEPTED 

Timestamp - 2023-11-16 16:09:05.719973292
CONV_TIME:1700150945.719979
ETH_SIZE:128

_get_MACTest : checkMSGType=7

Received MESSAGE_TYPE_JOIN from : eth1
Timestamp - 2023-11-16 16:09:05.720138903
My Tier Value = 2 
Tier Value of the Requested Node = 3 
MESSAGE_TYPE_JOIN request received from a node at lower tier 
Generating the label for the node
Interface from which the request recvd = eth1

 Inside generateChildLabel
 Child port = eth1
 Going through each of my tier addresses , primary address = 2.1.1

 Current TierAddress = 2.1.1 

 My TierAddress = 2.1.1
 After appending the uid of the parent, childLabel = 3.1.1 
 temp = .1
 After appending the port ID, ChildLabel = 3.1.1.1
 childLabel = 3.1.1.1  strlen(childLabel)=7
 newLabel->label = 3.1.1.1  strlen(newLabel->label)=7
 Created the new child label = 3.1.1.1

 Exit: generateChildLabel , Number of labels generated = 1 

msg_typ_join : Labels are generated

 msg_typ_join : Creating the payload to send the new labels 3.1.1.1

 msg_typ_join : labelAssignmentPayLoad(string) = 1
 label list is not null

 current label in the message = 3.1.1.1

 msg_typ_join : GETTING THE NEXT LABEL 

 Sending MESSAGE_TYPE_LABELS_AVAILABLE  to all the interface, interfaceListSize = 0 payloadSize=9 

CONV_TIME:1700150945.720219
ETH_SIZE:128

_get_MACTest : checkMSGType=5

 Message 5 on : eth1
Timestamp - 2023-11-16 16:09:05.720291350findParntLongst Inside first if temp =1.1  and temp1 = 2.1.1
 checkIfSubstring Compare : label1 = 2.1.1 and label2 = 1.1 

checkIfSubstring :Exit- Matched substring: (2.1.1) and (1.1)
findParntLongst Inside second if temp = 1.1 and temp1 = 2.1.1
Passing  ip mapping payload to 1.1 via eth4findParntLongst Inside first if temp =1.1  and temp1 = 2.1.1
 checkIfSubstring Compare : label1 = 2.1.1 and label2 = 1.1 

checkIfSubstring :Exit- Matched substring: (2.1.1) and (1.1)
findParntLongst Inside second if temp = 1.1 and temp1 = 2.1.1
Received ip address = 192.168.8.0 and its cdir 24 and need to send it my parent 1.1 via eth4
 endNWSend Called : eth4

Timestamp - 2023-11-16 16:09:05.720318762
CONV_TIME:1700150945.720369
ETH_SIZE:232

_get_MACTest : checkMSGType=9

 Received MESSAGE_TYPE_LABELS_ACCEPTED 

Timestamp - 2023-11-16 16:09:05.720528074
CONV_TIME:1700150945.720535
ETH_SIZE:128

_get_MACTest : checkMSGType=10

 Received MESSAGE_TYPE_MY_LABELS_ADD on : eth1 

Timestamp - 2023-11-16 16:09:05.720637270  No. of Tier Addr : 1
      Tier Address  Length : 7 
      Number of Tier Address : 1, value of z : 0 

TEST: Node appended successfully 3.1.2.4

*************** Neighbor Table *************
 ------- 1.1 -----
 ------- 2.1.2 -----
 ------- 3.1.1.1 -----
 ------- 3.1.2.4 -----

 My labels are: 2.1.1 

CONV_TIME:1700150945.720654
ETH_SIZE:192
CHURN_TRUE

_get_MACTest : checkMSGType=5

 Message 5 on : eth1
Timestamp - 2023-11-16 16:09:05.720723271findParntLongst Inside first if temp =1.1  and temp1 = 2.1.1
 checkIfSubstring Compare : label1 = 2.1.1 and label2 = 1.1 

checkIfSubstring :Exit- Matched substring: (2.1.1) and (1.1)
findParntLongst Inside second if temp = 1.1 and temp1 = 2.1.1
Passing  ip mapping payload to 1.1 via eth4findParntLongst Inside first if temp =1.1  and temp1 = 2.1.1
 checkIfSubstring Compare : label1 = 2.1.1 and label2 = 1.1 

checkIfSubstring :Exit- Matched substring: (2.1.1) and (1.1)
findParntLongst Inside second if temp = 1.1 and temp1 = 2.1.1
Received ip address = 192.168.8.0 and its cdir 24 and need to send it my parent 1.1 via eth4
 endNWSend Called : eth4

Timestamp - 2023-11-16 16:09:05.720742868
CONV_TIME:1700150945.720755
ETH_SIZE:232

_get_MACTest : checkMSGType=9

 Received MESSAGE_TYPE_LABELS_ACCEPTED 

Timestamp - 2023-11-16 16:09:05.720895505
CONV_TIME:1700150945.720902
ETH_SIZE:128

_get_MACTest : checkMSGType=7

Received MESSAGE_TYPE_JOIN from : eth3
Timestamp - 2023-11-16 16:09:08.272121246TEST: Message Counter 1

My Tier Value = 2 
Tier Value of the Requested Node = 3 
MESSAGE_TYPE_JOIN request received from a node at lower tier 
Generating the label for the node
Interface from which the request recvd = eth3

 Inside generateChildLabel
 Child port = eth3
Port : eth3
Port_tag : 2
 Going through each of my tier addresses , primary address = 2.1.1

 Current TierAddress = 2.1.1 

 My TierAddress = 2.1.1
 After appending the uid of the parent, childLabel = 3.1.1 
 temp = .3
 After appending the port ID, ChildLabel = 3.1.1.3
 childLabel = 3.1.1.3  strlen(childLabel)=7
 newLabel->label = 3.1.1.3  strlen(newLabel->label)=7
 Created the new child label = 3.1.1.3

 Exit: generateChildLabel , Number of labels generated = 1 

msg_typ_join : Labels are generated

 msg_typ_join : Creating the payload to send the new labels 3.1.1.3

 msg_typ_join : labelAssignmentPayLoad(string) = 1
 label list is not null

 current label in the message = 3.1.1.3

 msg_typ_join : GETTING THE NEXT LABEL 

 Sending MESSAGE_TYPE_LABELS_AVAILABLE  to all the interface, interfaceListSize = 0 payloadSize=9 

CONV_TIME:1700150948.272186
ETH_SIZE:128

_get_MACTest : checkMSGType=7

Received MESSAGE_TYPE_JOIN from : eth3
Timestamp - 2023-11-16 16:09:09.272348556TEST: Message Counter 2

My Tier Value = 2 
Tier Value of the Requested Node = 3 
MESSAGE_TYPE_JOIN request received from a node at lower tier 
Generating the label for the node
Interface from which the request recvd = eth3

 Inside generateChildLabel
 Child port = eth3
 Going through each of my tier addresses , primary address = 2.1.1

 Current TierAddress = 2.1.1 

 My TierAddress = 2.1.1
 After appending the uid of the parent, childLabel = 3.1.1 
 temp = .3
 After appending the port ID, ChildLabel = 3.1.1.3
 childLabel = 3.1.1.3  strlen(childLabel)=7
 newLabel->label = 3.1.1.3  strlen(newLabel->label)=7
 Created the new child label = 3.1.1.3

 Exit: generateChildLabel , Number of labels generated = 1 

msg_typ_join : Labels are generated

 msg_typ_join : Creating the payload to send the new labels 3.1.1.3

 msg_typ_join : labelAssignmentPayLoad(string) = 1
 label list is not null

 current label in the message = 3.1.1.3

 msg_typ_join : GETTING THE NEXT LABEL 

 Sending MESSAGE_TYPE_LABELS_AVAILABLE  to all the interface, interfaceListSize = 0 payloadSize=9 

CONV_TIME:1700150949.272403
ETH_SIZE:128

_get_MACTest : checkMSGType=7

Received MESSAGE_TYPE_JOIN from : eth3
Timestamp - 2023-11-16 16:09:10.272495666TEST: Message Counter 3

 MessageCount >= 3 : eth3
TEST: Head node removed from stagging value was eth3

My Tier Value = 2 
Tier Value of the Requested Node = 3 
MESSAGE_TYPE_JOIN request received from a node at lower tier 
Generating the label for the node
Interface from which the request recvd = eth3

 Inside generateChildLabel
 Child port = eth3
 Going through each of my tier addresses , primary address = 2.1.1

 Current TierAddress = 2.1.1 

 My TierAddress = 2.1.1
 After appending the uid of the parent, childLabel = 3.1.1 
 temp = .3
 After appending the port ID, ChildLabel = 3.1.1.3
 childLabel = 3.1.1.3  strlen(childLabel)=7
 newLabel->label = 3.1.1.3  strlen(newLabel->label)=7
 Created the new child label = 3.1.1.3

 Exit: generateChildLabel , Number of labels generated = 1 

msg_typ_join : Labels are generated

 msg_typ_join : Creating the payload to send the new labels 3.1.1.3

 msg_typ_join : labelAssignmentPayLoad(string) = 1
 label list is not null

 current label in the message = 3.1.1.3

 msg_typ_join : GETTING THE NEXT LABEL 

 Sending MESSAGE_TYPE_LABELS_AVAILABLE  to all the interface, interfaceListSize = 0 payloadSize=9 

CONV_TIME:1700150950.272553
ETH_SIZE:128

_get_MACTest : checkMSGType=7

Received MESSAGE_TYPE_JOIN from : eth3
Timestamp - 2023-11-16 16:09:11.272627758
My Tier Value = 2 
Tier Value of the Requested Node = 3 
MESSAGE_TYPE_JOIN request received from a node at lower tier 
Generating the label for the node
Interface from which the request recvd = eth3

 Inside generateChildLabel
 Child port = eth3
 Going through each of my tier addresses , primary address = 2.1.1

 Current TierAddress = 2.1.1 

 My TierAddress = 2.1.1
 After appending the uid of the parent, childLabel = 3.1.1 
 temp = .3
 After appending the port ID, ChildLabel = 3.1.1.3
 childLabel = 3.1.1.3  strlen(childLabel)=7
 newLabel->label = 3.1.1.3  strlen(newLabel->label)=7
 Created the new child label = 3.1.1.3

 Exit: generateChildLabel , Number of labels generated = 1 

msg_typ_join : Labels are generated

 msg_typ_join : Creating the payload to send the new labels 3.1.1.3

 msg_typ_join : labelAssignmentPayLoad(string) = 1
 label list is not null

 current label in the message = 3.1.1.3

 msg_typ_join : GETTING THE NEXT LABEL 

 Sending MESSAGE_TYPE_LABELS_AVAILABLE  to all the interface, interfaceListSize = 0 payloadSize=9 

CONV_TIME:1700150951.272687
ETH_SIZE:128

_get_MACTest : checkMSGType=7

Received MESSAGE_TYPE_JOIN from : eth3
Timestamp - 2023-11-16 16:09:12.272806306
My Tier Value = 2 
Tier Value of the Requested Node = 3 
MESSAGE_TYPE_JOIN request received from a node at lower tier 
Generating the label for the node
Interface from which the request recvd = eth3

 Inside generateChildLabel
 Child port = eth3
 Going through each of my tier addresses , primary address = 2.1.1

 Current TierAddress = 2.1.1 

 My TierAddress = 2.1.1
 After appending the uid of the parent, childLabel = 3.1.1 
 temp = .3
 After appending the port ID, ChildLabel = 3.1.1.3
 childLabel = 3.1.1.3  strlen(childLabel)=7
 newLabel->label = 3.1.1.3  strlen(newLabel->label)=7
 Created the new child label = 3.1.1.3

 Exit: generateChildLabel , Number of labels generated = 1 

msg_typ_join : Labels are generated

 msg_typ_join : Creating the payload to send the new labels 3.1.1.3

 msg_typ_join : labelAssignmentPayLoad(string) = 1
 label list is not null

 current label in the message = 3.1.1.3

 msg_typ_join : GETTING THE NEXT LABEL 

 Sending MESSAGE_TYPE_LABELS_AVAILABLE  to all the interface, interfaceListSize = 0 payloadSize=9 

CONV_TIME:1700150952.272859
ETH_SIZE:128

_get_MACTest : checkMSGType=10

 Received MESSAGE_TYPE_MY_LABELS_ADD on : eth3 

Timestamp - 2023-11-16 16:09:12.272951769  No. of Tier Addr : 1
      Tier Address  Length : 7 
      Number of Tier Address : 1, value of z : 0 

TEST: Node appended successfully 3.1.2.3

*************** Neighbor Table *************
 ------- 1.1 -----
 ------- 2.1.2 -----
 ------- 3.1.1.1 -----
 ------- 3.1.2.4 -----
 ------- 3.1.2.3 -----

 My labels are: 2.1.1 

CONV_TIME:1700150952.272970
ETH_SIZE:192
CHURN_TRUE

_get_MACTest : checkMSGType=7

Received MESSAGE_TYPE_JOIN from : eth3
Timestamp - 2023-11-16 16:09:12.273255470
My Tier Value = 2 
Tier Value of the Requested Node = 3 
MESSAGE_TYPE_JOIN request received from a node at lower tier 
Generating the label for the node
Interface from which the request recvd = eth3

 Inside generateChildLabel
 Child port = eth3
 Going through each of my tier addresses , primary address = 2.1.1

 Current TierAddress = 2.1.1 

 My TierAddress = 2.1.1
 After appending the uid of the parent, childLabel = 3.1.1 
 temp = .3
 After appending the port ID, ChildLabel = 3.1.1.3
 childLabel = 3.1.1.3  strlen(childLabel)=7
 newLabel->label = 3.1.1.3  strlen(newLabel->label)=7
 Created the new child label = 3.1.1.3

 Exit: generateChildLabel , Number of labels generated = 1 

msg_typ_join : Labels are generated

 msg_typ_join : Creating the payload to send the new labels 3.1.1.3

 msg_typ_join : labelAssignmentPayLoad(string) = 1
 label list is not null

 current label in the message = 3.1.1.3

 msg_typ_join : GETTING THE NEXT LABEL 

 Sending MESSAGE_TYPE_LABELS_AVAILABLE  to all the interface, interfaceListSize = 0 payloadSize=9 

CONV_TIME:1700150952.273312
ETH_SIZE:128

_get_MACTest : checkMSGType=10

 Received MESSAGE_TYPE_MY_LABELS_ADD on : eth3 

Timestamp - 2023-11-16 16:09:12.273564490  No. of Tier Addr : 1
      Tier Address  Length : 7 
      Number of Tier Address : 1, value of z : 0 

TEST: Node appended successfully 3.1.1.3

*************** Neighbor Table *************
 ------- 1.1 -----
 ------- 2.1.2 -----
 ------- 3.1.1.1 -----
 ------- 3.1.2.4 -----
 ------- 3.1.2.3 -----
 ------- 3.1.1.3 -----

 My labels are: 2.1.1 

CONV_TIME:1700150952.273583
ETH_SIZE:192
CHURN_TRUE

_get_MACTest : checkMSGType=5

 Message 5 on : eth3
Timestamp - 2023-11-16 16:09:12.273668586findParntLongst Inside first if temp =1.1  and temp1 = 2.1.1
 checkIfSubstring Compare : label1 = 2.1.1 and label2 = 1.1 

checkIfSubstring :Exit- Matched substring: (2.1.1) and (1.1)
findParntLongst Inside second if temp = 1.1 and temp1 = 2.1.1
Passing  ip mapping payload to 1.1 via eth4findParntLongst Inside first if temp =1.1  and temp1 = 2.1.1
 checkIfSubstring Compare : label1 = 2.1.1 and label2 = 1.1 

checkIfSubstring :Exit- Matched substring: (2.1.1) and (1.1)
findParntLongst Inside second if temp = 1.1 and temp1 = 2.1.1
Received ip address = 192.168.9.0 and its cdir 24 and need to send it my parent 1.1 via eth4findParntLongst Inside first if temp =1.1  and temp1 = 2.1.1
 checkIfSubstring Compare : label1 = 2.1.1 and label2 = 1.1 

checkIfSubstring :Exit- Matched substring: (2.1.1) and (1.1)
findParntLongst Inside second if temp = 1.1 and temp1 = 2.1.1
Received ip address = 192.168.9.0 and its cdir 24 and need to send it my parent 1.1 via eth4
 endNWSend Called : eth4

Timestamp - 2023-11-16 16:09:12.273704875
CONV_TIME:1700150952.273734
ETH_SIZE:232

_get_MACTest : checkMSGType=5

 Message 5 on : eth3
Timestamp - 2023-11-16 16:09:12.273848424findParntLongst Inside first if temp =1.1  and temp1 = 2.1.1
 checkIfSubstring Compare : label1 = 2.1.1 and label2 = 1.1 

checkIfSubstring :Exit- Matched substring: (2.1.1) and (1.1)
findParntLongst Inside second if temp = 1.1 and temp1 = 2.1.1
Passing  ip mapping payload to 1.1 via eth4findParntLongst Inside first if temp =1.1  and temp1 = 2.1.1
 checkIfSubstring Compare : label1 = 2.1.1 and label2 = 1.1 

checkIfSubstring :Exit- Matched substring: (2.1.1) and (1.1)
findParntLongst Inside second if temp = 1.1 and temp1 = 2.1.1
Received ip address = 192.168.9.0 and its cdir 24 and need to send it my parent 1.1 via eth4
 endNWSend Called : eth4

Timestamp - 2023-11-16 16:09:12.273868052
CONV_TIME:1700150952.273880
ETH_SIZE:232

_get_MACTest : checkMSGType=9

 Received MESSAGE_TYPE_LABELS_ACCEPTED 

Timestamp - 2023-11-16 16:09:12.274003586
CONV_TIME:1700150952.274009
ETH_SIZE:128

eth3
I am at tier 2 and lost my child


 Inside generateChildLabel
 Child port = eth3
 Going through each of my tier addresses , primary address = 2.1.1

 Current TierAddress = 2.1.1 

 My TierAddress = 2.1.1
 After appending the uid of the parent, childLabel = 3.1.1 
 temp = .3
 After appending the port ID, ChildLabel = 3.1.1.3
 childLabel = 3.1.1.3  strlen(childLabel)=7
 newLabel->label = 3.1.1.3  strlen(newLabel->label)=7
 Created the new child label = 3.1.1.3

 Exit: generateChildLabel , Number of labels generated = 1 

1 Labels Lost

 notify_lostmychild : Creating the payload to send the lost labels 3.1.1.3

 notify_lostmychild : labelDeletePayLoad(string) = 1
 label list is not null

 current label in the message = 3.1.1.3

 notify_lostmychild : GETTING THE NEXT LABEL 

 Sending MESSAGE_TYPE_LABELS_LOST  to all the parent interfaces, interfaceListSize = 5 payloadSize=9 

IF_TIMER_DOWN:1700151112.604024

Timestamp - 2023-11-16 16:11:52.604054259
TEST867: other node removed value was 3.1.2.3

match_Port deleted: eth3

TEST867: other node removed value was 3.1.1.3

match_Port deleted: eth3
TEST: Head stable node removed value was eth3

TEST867: other node removed value was 3.1.1.1

match_Port deleted: eth1

TEST867: other node removed value was 3.1.2.4

match_Port deleted: eth1
TEST: Head stable node removed value was eth1

Neighbour Table after removing the addresses of the unreachable node
Timestamp - 2023-11-16 16:11:52.604085788
*************** Neighbor Table *************
 ------- 1.1 -----
 ------- 2.1.2 -----

My Label Table after removing unreachable node
Timestamp - 2023-11-16 16:11:52.604094694
 My labels are: 2.1.1 

_get_MACTest : checkMSGType=15

 Received MESSAGE_TYPE_PUBLISH_IP_DELETE on : eth4 

Timestamp - 2023-11-16 16:11:52.604247883      Tier Address : 3.1.1.3 
In else: MESSAGE_TYPE_PUBLISH_IP_DELETE

publishIPLabelMap : label : 3.1.1.3
Sending MESSAGE_TYPE_PUBLISH_IP_DELETE message to - eth1 at 
Sending MESSAGE_TYPE_PUBLISH_IP_DELETE message to - eth3 at 
CONV_TIME:1700151112.604322
ETH_SIZE:192
CHURN_TRUE

_get_MACTest : checkMSGType=15

 Received MESSAGE_TYPE_PUBLISH_IP_DELETE on : eth4 

Timestamp - 2023-11-16 16:11:52.623191037      Tier Address : 3.1.2.3 
In else: MESSAGE_TYPE_PUBLISH_IP_DELETE

publishIPLabelMap : label : 3.1.2.3
Sending MESSAGE_TYPE_PUBLISH_IP_DELETE message to - eth1 at 
Sending MESSAGE_TYPE_PUBLISH_IP_DELETE message to - eth3 at 
CONV_TIME:1700151112.623286
ETH_SIZE:192
