
Timestamp - 2023-11-16 12:39:05.045666051
My Tier Value = 1

insertTierAddr is called , label=1.1 labelLength=3
tierAddr of Tier 1 Node = 1.1
Converting IP to binary...


 MNLR started  ... 
Control PayLoad 0 --- 1.1

 My labels are: 1.1 

 Processing messages now...

_get_MACTest : checkMSGType=7

Received MESSAGE_TYPE_JOIN from : eth1
Timestamp - 2023-11-16 12:39:12.523519255TEST: Message Counter 1

My Tier Value = 1 
Tier Value of the Requested Node = 2 
MESSAGE_TYPE_JOIN request received from a node at lower tier 
Generating the label for the node
Interface from which the request recvd = eth1

 Inside generateChildLabel
 Child port = eth1
Port : eth1
Port_tag : 2
 Going through each of my tier addresses , primary address = 1.1

 Current TierAddress = 1.1 

 My TierAddress = 1.1
 After appending the uid of the parent, childLabel = 2.1 
 temp = .1
 After appending the port ID, ChildLabel = 2.1.1
 childLabel = 2.1.1  strlen(childLabel)=5
 newLabel->label = 2.1.1  strlen(newLabel->label)=5
 Created the new child label = 2.1.1

 Exit: generateChildLabel , Number of labels generated = 1 

msg_typ_join : Labels are generated

 msg_typ_join : Creating the payload to send the new labels 2.1.1

 msg_typ_join : labelAssignmentPayLoad(string) = 1
 label list is not null

 current label in the message = 2.1.1

 msg_typ_join : GETTING THE NEXT LABEL 

 Sending MESSAGE_TYPE_LABELS_AVAILABLE  to all the interface, interfaceListSize = 0 payloadSize=7 

CONV_TIME:1700138352.523614
ETH_SIZE:128

_get_MACTest : checkMSGType=7

Received MESSAGE_TYPE_JOIN from : eth1
Timestamp - 2023-11-16 12:39:13.523672982TEST: Message Counter 2

My Tier Value = 1 
Tier Value of the Requested Node = 2 
MESSAGE_TYPE_JOIN request received from a node at lower tier 
Generating the label for the node
Interface from which the request recvd = eth1

 Inside generateChildLabel
 Child port = eth1
 Going through each of my tier addresses , primary address = 1.1

 Current TierAddress = 1.1 

 My TierAddress = 1.1
 After appending the uid of the parent, childLabel = 2.1 
 temp = .1
 After appending the port ID, ChildLabel = 2.1.1
 childLabel = 2.1.1  strlen(childLabel)=5
 newLabel->label = 2.1.1  strlen(newLabel->label)=5
 Created the new child label = 2.1.1

 Exit: generateChildLabel , Number of labels generated = 1 

msg_typ_join : Labels are generated

 msg_typ_join : Creating the payload to send the new labels 2.1.1

 msg_typ_join : labelAssignmentPayLoad(string) = 1
 label list is not null

 current label in the message = 2.1.1

 msg_typ_join : GETTING THE NEXT LABEL 

 Sending MESSAGE_TYPE_LABELS_AVAILABLE  to all the interface, interfaceListSize = 0 payloadSize=7 

CONV_TIME:1700138353.523745
ETH_SIZE:128

_get_MACTest : checkMSGType=10

 Received MESSAGE_TYPE_MY_LABELS_ADD on : eth1 

Timestamp - 2023-11-16 12:39:13.523887736  No. of Tier Addr : 1
      Tier Address  Length : 5 
      Number of Tier Address : 1, value of z : 0 
TEST: Message Counter 3

 MessageCount >= 3 : eth1
TEST: Head node removed from stagging value was eth1

TEST: Node added successfully 2.1.1

*************** Neighbor Table *************
 ------- 2.1.1 -----

 My labels are: 1.1 

CONV_TIME:1700138353.523907
ETH_SIZE:176
CHURN_TRUE

_get_MACTest : checkMSGType=9

 Received MESSAGE_TYPE_LABELS_ACCEPTED 

Timestamp - 2023-11-16 12:39:13.523993676
CONV_TIME:1700138353.523999
ETH_SIZE:128

_get_MACTest : checkMSGType=7

Received MESSAGE_TYPE_JOIN from : eth1
Timestamp - 2023-11-16 12:39:13.524619612
My Tier Value = 1 
Tier Value of the Requested Node = 2 
MESSAGE_TYPE_JOIN request received from a node at lower tier 
Generating the label for the node
Interface from which the request recvd = eth1

 Inside generateChildLabel
 Child port = eth1
 Going through each of my tier addresses , primary address = 1.1

 Current TierAddress = 1.1 

 My TierAddress = 1.1
 After appending the uid of the parent, childLabel = 2.1 
 temp = .1
 After appending the port ID, ChildLabel = 2.1.1
 childLabel = 2.1.1  strlen(childLabel)=5
 newLabel->label = 2.1.1  strlen(newLabel->label)=5
 Created the new child label = 2.1.1

 Exit: generateChildLabel , Number of labels generated = 1 

msg_typ_join : Labels are generated

 msg_typ_join : Creating the payload to send the new labels 2.1.1

 msg_typ_join : labelAssignmentPayLoad(string) = 1
 label list is not null

 current label in the message = 2.1.1

 msg_typ_join : GETTING THE NEXT LABEL 

 Sending MESSAGE_TYPE_LABELS_AVAILABLE  to all the interface, interfaceListSize = 0 payloadSize=7 

CONV_TIME:1700138353.524666
ETH_SIZE:128

_get_MACTest : checkMSGType=9

 Received MESSAGE_TYPE_LABELS_ACCEPTED 

Timestamp - 2023-11-16 12:39:13.524903305
CONV_TIME:1700138353.524909
ETH_SIZE:128

_get_MACTest : checkMSGType=7

Received MESSAGE_TYPE_JOIN from : eth2
Timestamp - 2023-11-16 12:39:18.986550930TEST: Message Counter 1

My Tier Value = 1 
Tier Value of the Requested Node = 2 
MESSAGE_TYPE_JOIN request received from a node at lower tier 
Generating the label for the node
Interface from which the request recvd = eth2

 Inside generateChildLabel
 Child port = eth2
Port : eth2
Port_tag : 2
 Going through each of my tier addresses , primary address = 1.1

 Current TierAddress = 1.1 

 My TierAddress = 1.1
 After appending the uid of the parent, childLabel = 2.1 
 temp = .2
 After appending the port ID, ChildLabel = 2.1.2
 childLabel = 2.1.2  strlen(childLabel)=5
 newLabel->label = 2.1.2  strlen(newLabel->label)=5
 Created the new child label = 2.1.2

 Exit: generateChildLabel , Number of labels generated = 1 

msg_typ_join : Labels are generated

 msg_typ_join : Creating the payload to send the new labels 2.1.2

 msg_typ_join : labelAssignmentPayLoad(string) = 1
 label list is not null

 current label in the message = 2.1.2

 msg_typ_join : GETTING THE NEXT LABEL 

 Sending MESSAGE_TYPE_LABELS_AVAILABLE  to all the interface, interfaceListSize = 0 payloadSize=7 

CONV_TIME:1700138358.986620
ETH_SIZE:128

_get_MACTest : checkMSGType=7

Received MESSAGE_TYPE_JOIN from : eth2
Timestamp - 2023-11-16 12:39:19.986950008TEST: Message Counter 2

My Tier Value = 1 
Tier Value of the Requested Node = 2 
MESSAGE_TYPE_JOIN request received from a node at lower tier 
Generating the label for the node
Interface from which the request recvd = eth2

 Inside generateChildLabel
 Child port = eth2
 Going through each of my tier addresses , primary address = 1.1

 Current TierAddress = 1.1 

 My TierAddress = 1.1
 After appending the uid of the parent, childLabel = 2.1 
 temp = .2
 After appending the port ID, ChildLabel = 2.1.2
 childLabel = 2.1.2  strlen(childLabel)=5
 newLabel->label = 2.1.2  strlen(newLabel->label)=5
 Created the new child label = 2.1.2

 Exit: generateChildLabel , Number of labels generated = 1 

msg_typ_join : Labels are generated

 msg_typ_join : Creating the payload to send the new labels 2.1.2

 msg_typ_join : labelAssignmentPayLoad(string) = 1
 label list is not null

 current label in the message = 2.1.2

 msg_typ_join : GETTING THE NEXT LABEL 

 Sending MESSAGE_TYPE_LABELS_AVAILABLE  to all the interface, interfaceListSize = 0 payloadSize=7 

CONV_TIME:1700138359.987031
ETH_SIZE:128

_get_MACTest : checkMSGType=7

Received MESSAGE_TYPE_JOIN from : eth2
Timestamp - 2023-11-16 12:39:20.987475794TEST: Message Counter 3

 MessageCount >= 3 : eth2
TEST: Head node removed from stagging value was eth2

My Tier Value = 1 
Tier Value of the Requested Node = 2 
MESSAGE_TYPE_JOIN request received from a node at lower tier 
Generating the label for the node
Interface from which the request recvd = eth2

 Inside generateChildLabel
 Child port = eth2
 Going through each of my tier addresses , primary address = 1.1

 Current TierAddress = 1.1 

 My TierAddress = 1.1
 After appending the uid of the parent, childLabel = 2.1 
 temp = .2
 After appending the port ID, ChildLabel = 2.1.2
 childLabel = 2.1.2  strlen(childLabel)=5
 newLabel->label = 2.1.2  strlen(newLabel->label)=5
 Created the new child label = 2.1.2

 Exit: generateChildLabel , Number of labels generated = 1 

msg_typ_join : Labels are generated

 msg_typ_join : Creating the payload to send the new labels 2.1.2

 msg_typ_join : labelAssignmentPayLoad(string) = 1
 label list is not null

 current label in the message = 2.1.2

 msg_typ_join : GETTING THE NEXT LABEL 

 Sending MESSAGE_TYPE_LABELS_AVAILABLE  to all the interface, interfaceListSize = 0 payloadSize=7 

CONV_TIME:1700138360.987536
ETH_SIZE:128

_get_MACTest : checkMSGType=10

 Received MESSAGE_TYPE_MY_LABELS_ADD on : eth2 

Timestamp - 2023-11-16 12:39:20.987606771  No. of Tier Addr : 1
      Tier Address  Length : 5 
      Number of Tier Address : 1, value of z : 0 

TEST: Node appended successfully 2.1.2

*************** Neighbor Table *************
 ------- 2.1.1 -----
 ------- 2.1.2 -----

 My labels are: 1.1 

CONV_TIME:1700138360.987622
ETH_SIZE:176
CHURN_TRUE

_get_MACTest : checkMSGType=9

 Received MESSAGE_TYPE_LABELS_ACCEPTED 

Timestamp - 2023-11-16 12:39:20.987682994
CONV_TIME:1700138360.987688
ETH_SIZE:128

_get_MACTest : checkMSGType=7

Received MESSAGE_TYPE_JOIN from : eth2
Timestamp - 2023-11-16 12:39:20.987779324
My Tier Value = 1 
Tier Value of the Requested Node = 2 
MESSAGE_TYPE_JOIN request received from a node at lower tier 
Generating the label for the node
Interface from which the request recvd = eth2

 Inside generateChildLabel
 Child port = eth2
 Going through each of my tier addresses , primary address = 1.1

 Current TierAddress = 1.1 

 My TierAddress = 1.1
 After appending the uid of the parent, childLabel = 2.1 
 temp = .2
 After appending the port ID, ChildLabel = 2.1.2
 childLabel = 2.1.2  strlen(childLabel)=5
 newLabel->label = 2.1.2  strlen(newLabel->label)=5
 Created the new child label = 2.1.2

 Exit: generateChildLabel , Number of labels generated = 1 

msg_typ_join : Labels are generated

 msg_typ_join : Creating the payload to send the new labels 2.1.2

 msg_typ_join : labelAssignmentPayLoad(string) = 1
 label list is not null

 current label in the message = 2.1.2

 msg_typ_join : GETTING THE NEXT LABEL 

 Sending MESSAGE_TYPE_LABELS_AVAILABLE  to all the interface, interfaceListSize = 0 payloadSize=7 

CONV_TIME:1700138360.987823
ETH_SIZE:128

_get_MACTest : checkMSGType=9

 Received MESSAGE_TYPE_LABELS_ACCEPTED 

Timestamp - 2023-11-16 12:39:20.987996092
CONV_TIME:1700138360.988002
ETH_SIZE:128

_get_MACTest : checkMSGType=9

 Received MESSAGE_TYPE_LABELS_ACCEPTED 

Timestamp - 2023-11-16 12:39:20.988192371
CONV_TIME:1700138360.988198
ETH_SIZE:128

_get_MACTest : checkMSGType=5

 Message 5 on : eth1
Timestamp - 2023-11-16 12:39:26.437891003

TierLen :7 TierAddr: 3.1.1.1

ipLen :4 ipAddr: 192.168.8.0 cidr: 24
 tablehead == NULL
Tier Address		IP Address
3.1.1.1			192.168.8.0/24

CONV_TIME:1700138366.438198
ETH_SIZE:232
CHURN_TRUE

_get_MACTest : checkMSGType=5

 Message 5 on : eth1
Timestamp - 2023-11-16 12:39:26.438425287

TierLen :7 TierAddr: 3.1.2.4

ipLen :4 ipAddr: 192.168.8.0 cidr: 24
Tier Address		IP Address
3.1.1.1			192.168.8.0/24
3.1.2.4			192.168.8.0/24

CONV_TIME:1700138366.438503
ETH_SIZE:232
CHURN_TRUE

_get_MACTest : checkMSGType=5

 Message 5 on : eth2
Timestamp - 2023-11-16 12:39:26.438567875

TierLen :7 TierAddr: 3.1.1.1

ipLen :4 ipAddr: 192.168.8.0 cidr: 24

TierLen :7 TierAddr: 3.1.2.4

ipLen :4 ipAddr: 192.168.8.0 cidr: 24
CONV_TIME:1700138366.438620
ETH_SIZE:232

_get_MACTest : checkMSGType=5

 Message 5 on : eth2
Timestamp - 2023-11-16 12:39:26.438751430

TierLen :7 TierAddr: 3.1.2.4

ipLen :4 ipAddr: 192.168.8.0 cidr: 24
CONV_TIME:1700138366.438798
ETH_SIZE:232

_get_MACTest : checkMSGType=5

 Message 5 on : eth1
Timestamp - 2023-11-16 12:39:33.891614855

TierLen :7 TierAddr: 3.1.1.3

ipLen :4 ipAddr: 192.168.9.0 cidr: 24
Tier Address		IP Address
3.1.1.1			192.168.8.0/24
3.1.2.4			192.168.8.0/24
3.1.1.3			192.168.9.0/24

CONV_TIME:1700138373.891697
ETH_SIZE:232
CHURN_TRUE

_get_MACTest : checkMSGType=5

 Message 5 on : eth2
Timestamp - 2023-11-16 12:39:33.891825721

TierLen :7 TierAddr: 3.1.1.3

ipLen :4 ipAddr: 192.168.9.0 cidr: 24

TierLen :7 TierAddr: 3.1.2.3

ipLen :4 ipAddr: 192.168.9.0 cidr: 24
Tier Address		IP Address
3.1.1.1			192.168.8.0/24
3.1.2.4			192.168.8.0/24
3.1.1.3			192.168.9.0/24
3.1.2.3			192.168.9.0/24

CONV_TIME:1700138373.891918
ETH_SIZE:232
CHURN_TRUE

_get_MACTest : checkMSGType=5

 Message 5 on : eth1
Timestamp - 2023-11-16 12:39:33.892359504

TierLen :7 TierAddr: 3.1.2.3

ipLen :4 ipAddr: 192.168.9.0 cidr: 24
CONV_TIME:1700138373.892415
ETH_SIZE:232

_get_MACTest : checkMSGType=5

 Message 5 on : eth2
Timestamp - 2023-11-16 12:39:33.892473478

TierLen :7 TierAddr: 3.1.2.3

ipLen :4 ipAddr: 192.168.9.0 cidr: 24
CONV_TIME:1700138373.892521
ETH_SIZE:232

_get_MACTest : checkMSGType=14

 Received MESSAGE_TYPE_LABELS_LOST on : eth2 

Timestamp - 2023-11-16 12:40:33.001863947totalEntries = 1

TierLen :7 TierAddr: 3.1.2.3

Removing 3.1.2.3 

publishIPLabelMap : label : 3.1.2.3
Sending MESSAGE_TYPE_PUBLISH_IP_DELETE message to - eth1 at 
Sending MESSAGE_TYPE_PUBLISH_IP_DELETE message to - eth2 at 
Tier Address		IP Address
3.1.1.1			192.168.8.0/24
3.1.2.4			192.168.8.0/24
3.1.1.3			192.168.9.0/24

CONV_TIME:1700138433.002034
ETH_SIZE:192
CHURN_TRUE
