
Timestamp - 2023-11-16 15:23:52.974665726
My Tier Value = 1

insertTierAddr is called , label=1.1 labelLength=3
tierAddr of Tier 1 Node = 1.1
Converting IP to binary...


 MNLR started  ... 
Control PayLoad 0 --- 1.1

 My labels are: 1.1 

 Processing messages now...

_get_MACTest : checkMSGType=7

Received MESSAGE_TYPE_JOIN from : eth1
Timestamp - 2023-11-16 15:24:00.447417600TEST: Message Counter 1

My Tier Value = 1 
Tier Value of the Requested Node = 2 
MESSAGE_TYPE_JOIN request received from a node at lower tier 
Generating the label for the node
Interface from which the request recvd = eth1

 Inside generateChildLabel
 Child port = eth1
Port : eth1
Port_tag : 2
 Going through each of my tier addresses , primary address = 1.1

 Current TierAddress = 1.1 

 My TierAddress = 1.1
 After appending the uid of the parent, childLabel = 2.1 
 temp = .1
 After appending the port ID, ChildLabel = 2.1.1
 childLabel = 2.1.1  strlen(childLabel)=5
 newLabel->label = 2.1.1  strlen(newLabel->label)=5
 Created the new child label = 2.1.1

 Exit: generateChildLabel , Number of labels generated = 1 

msg_typ_join : Labels are generated

 msg_typ_join : Creating the payload to send the new labels 2.1.1

 msg_typ_join : labelAssignmentPayLoad(string) = 1
 label list is not null

 current label in the message = 2.1.1

 msg_typ_join : GETTING THE NEXT LABEL 

 Sending MESSAGE_TYPE_LABELS_AVAILABLE  to all the interface, interfaceListSize = 0 payloadSize=7 

CONV_TIME:1700148240.447509
ETH_SIZE:128

_get_MACTest : checkMSGType=7

Received MESSAGE_TYPE_JOIN from : eth1
Timestamp - 2023-11-16 15:24:01.447700381TEST: Message Counter 2

My Tier Value = 1 
Tier Value of the Requested Node = 2 
MESSAGE_TYPE_JOIN request received from a node at lower tier 
Generating the label for the node
Interface from which the request recvd = eth1

 Inside generateChildLabel
 Child port = eth1
 Going through each of my tier addresses , primary address = 1.1

 Current TierAddress = 1.1 

 My TierAddress = 1.1
 After appending the uid of the parent, childLabel = 2.1 
 temp = .1
 After appending the port ID, ChildLabel = 2.1.1
 childLabel = 2.1.1  strlen(childLabel)=5
 newLabel->label = 2.1.1  strlen(newLabel->label)=5
 Created the new child label = 2.1.1

 Exit: generateChildLabel , Number of labels generated = 1 

msg_typ_join : Labels are generated

 msg_typ_join : Creating the payload to send the new labels 2.1.1

 msg_typ_join : labelAssignmentPayLoad(string) = 1
 label list is not null

 current label in the message = 2.1.1

 msg_typ_join : GETTING THE NEXT LABEL 

 Sending MESSAGE_TYPE_LABELS_AVAILABLE  to all the interface, interfaceListSize = 0 payloadSize=7 

CONV_TIME:1700148241.447782
ETH_SIZE:128

_get_MACTest : checkMSGType=10

 Received MESSAGE_TYPE_MY_LABELS_ADD on : eth1 

Timestamp - 2023-11-16 15:24:01.447909954  No. of Tier Addr : 1
      Tier Address  Length : 5 
      Number of Tier Address : 1, value of z : 0 
TEST: Message Counter 3

 MessageCount >= 3 : eth1
TEST: Head node removed from stagging value was eth1

TEST: Node added successfully 2.1.1

*************** Neighbor Table *************
 ------- 2.1.1 -----

 My labels are: 1.1 

CONV_TIME:1700148241.447976
ETH_SIZE:176
CHURN_TRUE

_get_MACTest : checkMSGType=9

 Received MESSAGE_TYPE_LABELS_ACCEPTED 

Timestamp - 2023-11-16 15:24:01.448076667
CONV_TIME:1700148241.448083
ETH_SIZE:128

_get_MACTest : checkMSGType=7

Received MESSAGE_TYPE_JOIN from : eth1
Timestamp - 2023-11-16 15:24:01.448221700
My Tier Value = 1 
Tier Value of the Requested Node = 2 
MESSAGE_TYPE_JOIN request received from a node at lower tier 
Generating the label for the node
Interface from which the request recvd = eth1

 Inside generateChildLabel
 Child port = eth1
 Going through each of my tier addresses , primary address = 1.1

 Current TierAddress = 1.1 

 My TierAddress = 1.1
 After appending the uid of the parent, childLabel = 2.1 
 temp = .1
 After appending the port ID, ChildLabel = 2.1.1
 childLabel = 2.1.1  strlen(childLabel)=5
 newLabel->label = 2.1.1  strlen(newLabel->label)=5
 Created the new child label = 2.1.1

 Exit: generateChildLabel , Number of labels generated = 1 

msg_typ_join : Labels are generated

 msg_typ_join : Creating the payload to send the new labels 2.1.1

 msg_typ_join : labelAssignmentPayLoad(string) = 1
 label list is not null

 current label in the message = 2.1.1

 msg_typ_join : GETTING THE NEXT LABEL 

 Sending MESSAGE_TYPE_LABELS_AVAILABLE  to all the interface, interfaceListSize = 0 payloadSize=7 

CONV_TIME:1700148241.448268
ETH_SIZE:128

_get_MACTest : checkMSGType=9

 Received MESSAGE_TYPE_LABELS_ACCEPTED 

Timestamp - 2023-11-16 15:24:01.448494573
CONV_TIME:1700148241.448501
ETH_SIZE:128

_get_MACTest : checkMSGType=7

Received MESSAGE_TYPE_JOIN from : eth2
Timestamp - 2023-11-16 15:24:06.933604380TEST: Message Counter 1

My Tier Value = 1 
Tier Value of the Requested Node = 2 
MESSAGE_TYPE_JOIN request received from a node at lower tier 
Generating the label for the node
Interface from which the request recvd = eth2

 Inside generateChildLabel
 Child port = eth2
Port : eth2
Port_tag : 2
 Going through each of my tier addresses , primary address = 1.1

 Current TierAddress = 1.1 

 My TierAddress = 1.1
 After appending the uid of the parent, childLabel = 2.1 
 temp = .2
 After appending the port ID, ChildLabel = 2.1.2
 childLabel = 2.1.2  strlen(childLabel)=5
 newLabel->label = 2.1.2  strlen(newLabel->label)=5
 Created the new child label = 2.1.2

 Exit: generateChildLabel , Number of labels generated = 1 

msg_typ_join : Labels are generated

 msg_typ_join : Creating the payload to send the new labels 2.1.2

 msg_typ_join : labelAssignmentPayLoad(string) = 1
 label list is not null

 current label in the message = 2.1.2

 msg_typ_join : GETTING THE NEXT LABEL 

 Sending MESSAGE_TYPE_LABELS_AVAILABLE  to all the interface, interfaceListSize = 0 payloadSize=7 

CONV_TIME:1700148246.933765
ETH_SIZE:128

_get_MACTest : checkMSGType=7

Received MESSAGE_TYPE_JOIN from : eth2
Timestamp - 2023-11-16 15:24:07.933883073TEST: Message Counter 2

My Tier Value = 1 
Tier Value of the Requested Node = 2 
MESSAGE_TYPE_JOIN request received from a node at lower tier 
Generating the label for the node
Interface from which the request recvd = eth2

 Inside generateChildLabel
 Child port = eth2
 Going through each of my tier addresses , primary address = 1.1

 Current TierAddress = 1.1 

 My TierAddress = 1.1
 After appending the uid of the parent, childLabel = 2.1 
 temp = .2
 After appending the port ID, ChildLabel = 2.1.2
 childLabel = 2.1.2  strlen(childLabel)=5
 newLabel->label = 2.1.2  strlen(newLabel->label)=5
 Created the new child label = 2.1.2

 Exit: generateChildLabel , Number of labels generated = 1 

msg_typ_join : Labels are generated

 msg_typ_join : Creating the payload to send the new labels 2.1.2

 msg_typ_join : labelAssignmentPayLoad(string) = 1
 label list is not null

 current label in the message = 2.1.2

 msg_typ_join : GETTING THE NEXT LABEL 

 Sending MESSAGE_TYPE_LABELS_AVAILABLE  to all the interface, interfaceListSize = 0 payloadSize=7 

CONV_TIME:1700148247.934030
ETH_SIZE:128

_get_MACTest : checkMSGType=7

Received MESSAGE_TYPE_JOIN from : eth2
Timestamp - 2023-11-16 15:24:08.934439637TEST: Message Counter 3

 MessageCount >= 3 : eth2
TEST: Head node removed from stagging value was eth2

My Tier Value = 1 
Tier Value of the Requested Node = 2 
MESSAGE_TYPE_JOIN request received from a node at lower tier 
Generating the label for the node
Interface from which the request recvd = eth2

 Inside generateChildLabel
 Child port = eth2
 Going through each of my tier addresses , primary address = 1.1

 Current TierAddress = 1.1 

 My TierAddress = 1.1
 After appending the uid of the parent, childLabel = 2.1 
 temp = .2
 After appending the port ID, ChildLabel = 2.1.2
 childLabel = 2.1.2  strlen(childLabel)=5
 newLabel->label = 2.1.2  strlen(newLabel->label)=5
 Created the new child label = 2.1.2

 Exit: generateChildLabel , Number of labels generated = 1 

msg_typ_join : Labels are generated

 msg_typ_join : Creating the payload to send the new labels 2.1.2

 msg_typ_join : labelAssignmentPayLoad(string) = 1
 label list is not null

 current label in the message = 2.1.2

 msg_typ_join : GETTING THE NEXT LABEL 

 Sending MESSAGE_TYPE_LABELS_AVAILABLE  to all the interface, interfaceListSize = 0 payloadSize=7 

CONV_TIME:1700148248.934516
ETH_SIZE:128

_get_MACTest : checkMSGType=10

 Received MESSAGE_TYPE_MY_LABELS_ADD on : eth2 

Timestamp - 2023-11-16 15:24:08.934591563  No. of Tier Addr : 1
      Tier Address  Length : 5 
      Number of Tier Address : 1, value of z : 0 

TEST: Node appended successfully 2.1.2

*************** Neighbor Table *************
 ------- 2.1.1 -----
 ------- 2.1.2 -----

 My labels are: 1.1 

CONV_TIME:1700148248.934607
ETH_SIZE:176
CHURN_TRUE

_get_MACTest : checkMSGType=9

 Received MESSAGE_TYPE_LABELS_ACCEPTED 

Timestamp - 2023-11-16 15:24:08.934661665
CONV_TIME:1700148248.934666
ETH_SIZE:128

_get_MACTest : checkMSGType=7

Received MESSAGE_TYPE_JOIN from : eth2
Timestamp - 2023-11-16 15:24:08.934758657
My Tier Value = 1 
Tier Value of the Requested Node = 2 
MESSAGE_TYPE_JOIN request received from a node at lower tier 
Generating the label for the node
Interface from which the request recvd = eth2

 Inside generateChildLabel
 Child port = eth2
 Going through each of my tier addresses , primary address = 1.1

 Current TierAddress = 1.1 

 My TierAddress = 1.1
 After appending the uid of the parent, childLabel = 2.1 
 temp = .2
 After appending the port ID, ChildLabel = 2.1.2
 childLabel = 2.1.2  strlen(childLabel)=5
 newLabel->label = 2.1.2  strlen(newLabel->label)=5
 Created the new child label = 2.1.2

 Exit: generateChildLabel , Number of labels generated = 1 

msg_typ_join : Labels are generated

 msg_typ_join : Creating the payload to send the new labels 2.1.2

 msg_typ_join : labelAssignmentPayLoad(string) = 1
 label list is not null

 current label in the message = 2.1.2

 msg_typ_join : GETTING THE NEXT LABEL 

 Sending MESSAGE_TYPE_LABELS_AVAILABLE  to all the interface, interfaceListSize = 0 payloadSize=7 

CONV_TIME:1700148248.934802
ETH_SIZE:128

_get_MACTest : checkMSGType=9

 Received MESSAGE_TYPE_LABELS_ACCEPTED 

Timestamp - 2023-11-16 15:24:08.934909821
CONV_TIME:1700148248.934915
ETH_SIZE:128

_get_MACTest : checkMSGType=9

 Received MESSAGE_TYPE_LABELS_ACCEPTED 

Timestamp - 2023-11-16 15:24:08.935194175
CONV_TIME:1700148248.935202
ETH_SIZE:128

_get_MACTest : checkMSGType=5

 Message 5 on : eth2
Timestamp - 2023-11-16 15:24:15.470641821

TierLen :7 TierAddr: 3.1.2.4

ipLen :4 ipAddr: 192.168.8.0 cidr: 24
 tablehead == NULL
Tier Address		IP Address
3.1.2.4			192.168.8.0/24

CONV_TIME:1700148255.470720
ETH_SIZE:232
CHURN_TRUE

_get_MACTest : checkMSGType=5

 Message 5 on : eth2
Timestamp - 2023-11-16 15:24:15.470827639

TierLen :7 TierAddr: 3.1.1.1

ipLen :4 ipAddr: 192.168.8.0 cidr: 24
Tier Address		IP Address
3.1.2.4			192.168.8.0/24
3.1.1.1			192.168.8.0/24

CONV_TIME:1700148255.470895
ETH_SIZE:232
CHURN_TRUE

_get_MACTest : checkMSGType=5

 Message 5 on : eth1
Timestamp - 2023-11-16 15:24:15.470945130

TierLen :7 TierAddr: 3.1.2.4

ipLen :4 ipAddr: 192.168.8.0 cidr: 24

TierLen :7 TierAddr: 3.1.1.1

ipLen :4 ipAddr: 192.168.8.0 cidr: 24
CONV_TIME:1700148255.471035
ETH_SIZE:232

_get_MACTest : checkMSGType=5

 Message 5 on : eth1
Timestamp - 2023-11-16 15:24:15.471085744

TierLen :7 TierAddr: 3.1.1.1

ipLen :4 ipAddr: 192.168.8.0 cidr: 24
CONV_TIME:1700148255.471133
ETH_SIZE:232

_get_MACTest : checkMSGType=5

 Message 5 on : eth1
Timestamp - 2023-11-16 15:24:21.651784007

TierLen :7 TierAddr: 3.1.1.3

ipLen :4 ipAddr: 192.168.9.0 cidr: 24
Tier Address		IP Address
3.1.2.4			192.168.8.0/24
3.1.1.1			192.168.8.0/24
3.1.1.3			192.168.9.0/24

CONV_TIME:1700148261.651906
ETH_SIZE:232
CHURN_TRUE

_get_MACTest : checkMSGType=5

 Message 5 on : eth2
Timestamp - 2023-11-16 15:24:21.652041270

TierLen :7 TierAddr: 3.1.1.3

ipLen :4 ipAddr: 192.168.9.0 cidr: 24

TierLen :7 TierAddr: 3.1.2.3

ipLen :4 ipAddr: 192.168.9.0 cidr: 24
Tier Address		IP Address
3.1.2.4			192.168.8.0/24
3.1.1.1			192.168.8.0/24
3.1.1.3			192.168.9.0/24
3.1.2.3			192.168.9.0/24

CONV_TIME:1700148261.652102
ETH_SIZE:232
CHURN_TRUE

_get_MACTest : checkMSGType=5

 Message 5 on : eth1
Timestamp - 2023-11-16 15:24:21.652152790

TierLen :7 TierAddr: 3.1.2.3

ipLen :4 ipAddr: 192.168.9.0 cidr: 24
CONV_TIME:1700148261.652203
ETH_SIZE:232

_get_MACTest : checkMSGType=5

 Message 5 on : eth2
Timestamp - 2023-11-16 15:24:21.652252297

TierLen :7 TierAddr: 3.1.2.3

ipLen :4 ipAddr: 192.168.9.0 cidr: 24
CONV_TIME:1700148261.652299
ETH_SIZE:232
