
Timestamp - 2023-11-16 15:23:59.444464750
My Tier Value = 2
Converting IP to binary...


 Entering getMyTierAddresses
 Created a socket for auto address label! 
 Sending NULL join request to all its interfaces, interfaceListSize = 5  payloadSize=1
Timestamp - 2023-11-16 15:24:00.444814757
 Waiting for MESSAGE_TYPE_LABELS_AVAILABLE message
 Sending NULL join request to all its interfaces, interfaceListSize = 5  payloadSize=1
Timestamp - 2023-11-16 15:24:01.445133266
 Waiting for MESSAGE_TYPE_LABELS_AVAILABLE message
 Received MESSAGE_TYPE_LABELS_AVAILABLE_2 

 Number of Labels available = 1
Port : eth4
Port_tag : 3
 Label Length = 5

 Label  = 2.1.1  Label length= 5

insertTierAddr is called , label=2.1.1 labelLength=5

Adding the label to the list

Adding all other labels to the list
 2.1.1
inTier : 2.1.1
Sending MESSAGE_TYPE_MY_LABELS_ADD message to - eth1 at 
Sending MESSAGE_TYPE_MY_LABELS_ADD message to - eth2 at 
Sending MESSAGE_TYPE_MY_LABELS_ADD message to - eth3 at 
Sending MESSAGE_TYPE_MY_LABELS_ADD message to - eth4 at 
 My labels are: 2.1.1 

 Exiting getMyTierAddresses
 MNLR started  ... 
Control PayLoad 0 --- 2.1.1

 My labels are: 2.1.1 

 Processing messages now...

 Sending NULL join request to all its interfaces, interfaceListSize = 5 payloadSize=1
_get_MACTest : checkMSGType=8

 Received MESSAGE_TYPE_LABELS_AVAILABLE 

Timestamp - 2023-11-16 15:24:01.445866764TEST: Message Counter 1

 Number of Labels available = 1

 Label Length = 5

 Label  =2.1.1 Label length= 5

insertTierAddr is called , label=2.1.1 labelLength=5

 findTierAddr : Label to check=2.1.1, current label=2.1.1 

insertTierAddr checkNode=0 
 My labels are: 2.1.1 

 Calling printMyLabels linenumber =3252
CONV_TIME:1700148241.446001
ETH_SIZE:176
TEST: Message Counter 2
TEST: Message Counter 3

 MessageCount >= 3 : eth4
TEST: Head node removed from stagging value was eth4

TEST: Node added successfully 1.1

*************** Neighbor Table *************
 ------- 1.1 -----

 My labels are: 2.1.1 

_get_MACTest : checkMSGType=7

Received MESSAGE_TYPE_JOIN from : eth2
Timestamp - 2023-11-16 15:24:06.931152714TEST: Message Counter 1

My Tier Value = 2 
Tier Value of the Requested Node = 2 
CONV_TIME:1700148246.931184
ETH_SIZE:128

_get_MACTest : checkMSGType=7

Received MESSAGE_TYPE_JOIN from : eth2
Timestamp - 2023-11-16 15:24:07.931433718TEST: Message Counter 2

My Tier Value = 2 
Tier Value of the Requested Node = 2 
CONV_TIME:1700148247.931475
ETH_SIZE:128

_get_MACTest : checkMSGType=7

Received MESSAGE_TYPE_JOIN from : eth2
Timestamp - 2023-11-16 15:24:08.931591819TEST: Message Counter 3

 MessageCount >= 3 : eth2
TEST: Head node removed from stagging value was eth2

My Tier Value = 2 
Tier Value of the Requested Node = 2 
CONV_TIME:1700148248.931620
ETH_SIZE:128

_get_MACTest : checkMSGType=10

 Received MESSAGE_TYPE_MY_LABELS_ADD on : eth2 

Timestamp - 2023-11-16 15:24:08.931755407  No. of Tier Addr : 1
      Tier Address  Length : 5 
      Number of Tier Address : 1, value of z : 0 

Port : eth2
Port_tag : 1
TEST: Node appended successfully 2.1.2

*************** Neighbor Table *************
 ------- 1.1 -----
 ------- 2.1.2 -----

 My labels are: 2.1.1 

CONV_TIME:1700148248.931773
ETH_SIZE:176
CHURN_TRUE

_get_MACTest : checkMSGType=7

Received MESSAGE_TYPE_JOIN from : eth2
Timestamp - 2023-11-16 15:24:08.932170397
My Tier Value = 2 
Tier Value of the Requested Node = 2 
CONV_TIME:1700148248.932179
ETH_SIZE:128

_get_MACTest : checkMSGType=7

Received MESSAGE_TYPE_JOIN from : eth1
Timestamp - 2023-11-16 15:24:13.466220950TEST: Message Counter 1

My Tier Value = 2 
Tier Value of the Requested Node = 3 
MESSAGE_TYPE_JOIN request received from a node at lower tier 
Generating the label for the node
Interface from which the request recvd = eth1

 Inside generateChildLabel
 Child port = eth1
Port : eth1
Port_tag : 2
 Going through each of my tier addresses , primary address = 2.1.1

 Current TierAddress = 2.1.1 

 My TierAddress = 2.1.1
 After appending the uid of the parent, childLabel = 3.1.1 
 temp = .1
 After appending the port ID, ChildLabel = 3.1.1.1
 childLabel = 3.1.1.1  strlen(childLabel)=7
 newLabel->label = 3.1.1.1  strlen(newLabel->label)=7
 Created the new child label = 3.1.1.1

 Exit: generateChildLabel , Number of labels generated = 1 

msg_typ_join : Labels are generated

 msg_typ_join : Creating the payload to send the new labels 3.1.1.1

 msg_typ_join : labelAssignmentPayLoad(string) = 1
 label list is not null

 current label in the message = 3.1.1.1

 msg_typ_join : GETTING THE NEXT LABEL 

 Sending MESSAGE_TYPE_LABELS_AVAILABLE  to all the interface, interfaceListSize = 0 payloadSize=9 

CONV_TIME:1700148253.466307
ETH_SIZE:128

_get_MACTest : checkMSGType=7

Received MESSAGE_TYPE_JOIN from : eth1
Timestamp - 2023-11-16 15:24:14.466420130TEST: Message Counter 2

My Tier Value = 2 
Tier Value of the Requested Node = 3 
MESSAGE_TYPE_JOIN request received from a node at lower tier 
Generating the label for the node
Interface from which the request recvd = eth1

 Inside generateChildLabel
 Child port = eth1
 Going through each of my tier addresses , primary address = 2.1.1

 Current TierAddress = 2.1.1 

 My TierAddress = 2.1.1
 After appending the uid of the parent, childLabel = 3.1.1 
 temp = .1
 After appending the port ID, ChildLabel = 3.1.1.1
 childLabel = 3.1.1.1  strlen(childLabel)=7
 newLabel->label = 3.1.1.1  strlen(newLabel->label)=7
 Created the new child label = 3.1.1.1

 Exit: generateChildLabel , Number of labels generated = 1 

msg_typ_join : Labels are generated

 msg_typ_join : Creating the payload to send the new labels 3.1.1.1

 msg_typ_join : labelAssignmentPayLoad(string) = 1
 label list is not null

 current label in the message = 3.1.1.1

 msg_typ_join : GETTING THE NEXT LABEL 

 Sending MESSAGE_TYPE_LABELS_AVAILABLE  to all the interface, interfaceListSize = 0 payloadSize=9 

CONV_TIME:1700148254.466489
ETH_SIZE:128

_get_MACTest : checkMSGType=7

Received MESSAGE_TYPE_JOIN from : eth1
Timestamp - 2023-11-16 15:24:15.466567652TEST: Message Counter 3

 MessageCount >= 3 : eth1
TEST: Head node removed from stagging value was eth1

My Tier Value = 2 
Tier Value of the Requested Node = 3 
MESSAGE_TYPE_JOIN request received from a node at lower tier 
Generating the label for the node
Interface from which the request recvd = eth1

 Inside generateChildLabel
 Child port = eth1
 Going through each of my tier addresses , primary address = 2.1.1

 Current TierAddress = 2.1.1 

 My TierAddress = 2.1.1
 After appending the uid of the parent, childLabel = 3.1.1 
 temp = .1
 After appending the port ID, ChildLabel = 3.1.1.1
 childLabel = 3.1.1.1  strlen(childLabel)=7
 newLabel->label = 3.1.1.1  strlen(newLabel->label)=7
 Created the new child label = 3.1.1.1

 Exit: generateChildLabel , Number of labels generated = 1 

msg_typ_join : Labels are generated

 msg_typ_join : Creating the payload to send the new labels 3.1.1.1

 msg_typ_join : labelAssignmentPayLoad(string) = 1
 label list is not null

 current label in the message = 3.1.1.1

 msg_typ_join : GETTING THE NEXT LABEL 

 Sending MESSAGE_TYPE_LABELS_AVAILABLE  to all the interface, interfaceListSize = 0 payloadSize=9 

CONV_TIME:1700148255.466634
ETH_SIZE:128

_get_MACTest : checkMSGType=10

 Received MESSAGE_TYPE_MY_LABELS_ADD on : eth1 

Timestamp - 2023-11-16 15:24:15.466758311  No. of Tier Addr : 1
      Tier Address  Length : 7 
      Number of Tier Address : 1, value of z : 0 

TEST: Node appended successfully 3.1.2.4

*************** Neighbor Table *************
 ------- 1.1 -----
 ------- 2.1.2 -----
 ------- 3.1.2.4 -----

 My labels are: 2.1.1 

CONV_TIME:1700148255.466781
ETH_SIZE:192
CHURN_TRUE

_get_MACTest : checkMSGType=7

Received MESSAGE_TYPE_JOIN from : eth1
Timestamp - 2023-11-16 15:24:15.467630219
My Tier Value = 2 
Tier Value of the Requested Node = 3 
MESSAGE_TYPE_JOIN request received from a node at lower tier 
Generating the label for the node
Interface from which the request recvd = eth1

 Inside generateChildLabel
 Child port = eth1
 Going through each of my tier addresses , primary address = 2.1.1

 Current TierAddress = 2.1.1 

 My TierAddress = 2.1.1
 After appending the uid of the parent, childLabel = 3.1.1 
 temp = .1
 After appending the port ID, ChildLabel = 3.1.1.1
 childLabel = 3.1.1.1  strlen(childLabel)=7
 newLabel->label = 3.1.1.1  strlen(newLabel->label)=7
 Created the new child label = 3.1.1.1

 Exit: generateChildLabel , Number of labels generated = 1 

msg_typ_join : Labels are generated

 msg_typ_join : Creating the payload to send the new labels 3.1.1.1

 msg_typ_join : labelAssignmentPayLoad(string) = 1
 label list is not null

 current label in the message = 3.1.1.1

 msg_typ_join : GETTING THE NEXT LABEL 

 Sending MESSAGE_TYPE_LABELS_AVAILABLE  to all the interface, interfaceListSize = 0 payloadSize=9 

CONV_TIME:1700148255.467678
ETH_SIZE:128

_get_MACTest : checkMSGType=10

 Received MESSAGE_TYPE_MY_LABELS_ADD on : eth1 

Timestamp - 2023-11-16 15:24:15.468134867  No. of Tier Addr : 1
      Tier Address  Length : 7 
      Number of Tier Address : 1, value of z : 0 

TEST: Node appended successfully 3.1.1.1

*************** Neighbor Table *************
 ------- 1.1 -----
 ------- 2.1.2 -----
 ------- 3.1.2.4 -----
 ------- 3.1.1.1 -----

 My labels are: 2.1.1 

CONV_TIME:1700148255.468171
ETH_SIZE:192
CHURN_TRUE

_get_MACTest : checkMSGType=5

 Message 5 on : eth1
Timestamp - 2023-11-16 15:24:15.468261615findParntLongst Inside first if temp =1.1  and temp1 = 2.1.1
 checkIfSubstring Compare : label1 = 2.1.1 and label2 = 1.1 

checkIfSubstring :Exit- Matched substring: (2.1.1) and (1.1)
findParntLongst Inside second if temp = 1.1 and temp1 = 2.1.1
Passing  ip mapping payload to 1.1 via eth4findParntLongst Inside first if temp =1.1  and temp1 = 2.1.1
 checkIfSubstring Compare : label1 = 2.1.1 and label2 = 1.1 

checkIfSubstring :Exit- Matched substring: (2.1.1) and (1.1)
findParntLongst Inside second if temp = 1.1 and temp1 = 2.1.1
Received ip address = 192.168.8.0 and its cdir 24 and need to send it my parent 1.1 via eth4findParntLongst Inside first if temp =1.1  and temp1 = 2.1.1
 checkIfSubstring Compare : label1 = 2.1.1 and label2 = 1.1 

checkIfSubstring :Exit- Matched substring: (2.1.1) and (1.1)
findParntLongst Inside second if temp = 1.1 and temp1 = 2.1.1
Received ip address = 192.168.8.0 and its cdir 24 and need to send it my parent 1.1 via eth4
 endNWSend Called : eth4

Timestamp - 2023-11-16 15:24:15.468304836
CONV_TIME:1700148255.468322
ETH_SIZE:232

_get_MACTest : checkMSGType=5

 Message 5 on : eth1
Timestamp - 2023-11-16 15:24:15.468466581findParntLongst Inside first if temp =1.1  and temp1 = 2.1.1
 checkIfSubstring Compare : label1 = 2.1.1 and label2 = 1.1 

checkIfSubstring :Exit- Matched substring: (2.1.1) and (1.1)
findParntLongst Inside second if temp = 1.1 and temp1 = 2.1.1
Passing  ip mapping payload to 1.1 via eth4findParntLongst Inside first if temp =1.1  and temp1 = 2.1.1
 checkIfSubstring Compare : label1 = 2.1.1 and label2 = 1.1 

checkIfSubstring :Exit- Matched substring: (2.1.1) and (1.1)
findParntLongst Inside second if temp = 1.1 and temp1 = 2.1.1
Received ip address = 192.168.8.0 and its cdir 24 and need to send it my parent 1.1 via eth4
 endNWSend Called : eth4

Timestamp - 2023-11-16 15:24:15.468486518
CONV_TIME:1700148255.468499
ETH_SIZE:232

_get_MACTest : checkMSGType=9

 Received MESSAGE_TYPE_LABELS_ACCEPTED 

Timestamp - 2023-11-16 15:24:15.468620880
CONV_TIME:1700148255.468626
ETH_SIZE:128

_get_MACTest : checkMSGType=7

Received MESSAGE_TYPE_JOIN from : eth3
Timestamp - 2023-11-16 15:24:19.647960200TEST: Message Counter 1

My Tier Value = 2 
Tier Value of the Requested Node = 3 
MESSAGE_TYPE_JOIN request received from a node at lower tier 
Generating the label for the node
Interface from which the request recvd = eth3

 Inside generateChildLabel
 Child port = eth3
Port : eth3
Port_tag : 2
 Going through each of my tier addresses , primary address = 2.1.1

 Current TierAddress = 2.1.1 

 My TierAddress = 2.1.1
 After appending the uid of the parent, childLabel = 3.1.1 
 temp = .3
 After appending the port ID, ChildLabel = 3.1.1.3
 childLabel = 3.1.1.3  strlen(childLabel)=7
 newLabel->label = 3.1.1.3  strlen(newLabel->label)=7
 Created the new child label = 3.1.1.3

 Exit: generateChildLabel , Number of labels generated = 1 

msg_typ_join : Labels are generated

 msg_typ_join : Creating the payload to send the new labels 3.1.1.3

 msg_typ_join : labelAssignmentPayLoad(string) = 1
 label list is not null

 current label in the message = 3.1.1.3

 msg_typ_join : GETTING THE NEXT LABEL 

 Sending MESSAGE_TYPE_LABELS_AVAILABLE  to all the interface, interfaceListSize = 0 payloadSize=9 

CONV_TIME:1700148259.648422
ETH_SIZE:128

_get_MACTest : checkMSGType=7

Received MESSAGE_TYPE_JOIN from : eth3
Timestamp - 2023-11-16 15:24:20.648224732TEST: Message Counter 2

My Tier Value = 2 
Tier Value of the Requested Node = 3 
MESSAGE_TYPE_JOIN request received from a node at lower tier 
Generating the label for the node
Interface from which the request recvd = eth3

 Inside generateChildLabel
 Child port = eth3
 Going through each of my tier addresses , primary address = 2.1.1

 Current TierAddress = 2.1.1 

 My TierAddress = 2.1.1
 After appending the uid of the parent, childLabel = 3.1.1 
 temp = .3
 After appending the port ID, ChildLabel = 3.1.1.3
 childLabel = 3.1.1.3  strlen(childLabel)=7
 newLabel->label = 3.1.1.3  strlen(newLabel->label)=7
 Created the new child label = 3.1.1.3

 Exit: generateChildLabel , Number of labels generated = 1 

msg_typ_join : Labels are generated

 msg_typ_join : Creating the payload to send the new labels 3.1.1.3

 msg_typ_join : labelAssignmentPayLoad(string) = 1
 label list is not null

 current label in the message = 3.1.1.3

 msg_typ_join : GETTING THE NEXT LABEL 

 Sending MESSAGE_TYPE_LABELS_AVAILABLE  to all the interface, interfaceListSize = 0 payloadSize=9 

CONV_TIME:1700148260.648308
ETH_SIZE:128

_get_MACTest : checkMSGType=7

Received MESSAGE_TYPE_JOIN from : eth3
Timestamp - 2023-11-16 15:24:21.648456633TEST: Message Counter 3

 MessageCount >= 3 : eth3
TEST: Head node removed from stagging value was eth3

My Tier Value = 2 
Tier Value of the Requested Node = 3 
MESSAGE_TYPE_JOIN request received from a node at lower tier 
Generating the label for the node
Interface from which the request recvd = eth3

 Inside generateChildLabel
 Child port = eth3
 Going through each of my tier addresses , primary address = 2.1.1

 Current TierAddress = 2.1.1 

 My TierAddress = 2.1.1
 After appending the uid of the parent, childLabel = 3.1.1 
 temp = .3
 After appending the port ID, ChildLabel = 3.1.1.3
 childLabel = 3.1.1.3  strlen(childLabel)=7
 newLabel->label = 3.1.1.3  strlen(newLabel->label)=7
 Created the new child label = 3.1.1.3

 Exit: generateChildLabel , Number of labels generated = 1 

msg_typ_join : Labels are generated

 msg_typ_join : Creating the payload to send the new labels 3.1.1.3

 msg_typ_join : labelAssignmentPayLoad(string) = 1
 label list is not null

 current label in the message = 3.1.1.3

 msg_typ_join : GETTING THE NEXT LABEL 

 Sending MESSAGE_TYPE_LABELS_AVAILABLE  to all the interface, interfaceListSize = 0 payloadSize=9 

CONV_TIME:1700148261.648578
ETH_SIZE:128

_get_MACTest : checkMSGType=10

 Received MESSAGE_TYPE_MY_LABELS_ADD on : eth3 

Timestamp - 2023-11-16 15:24:21.648713986  No. of Tier Addr : 1
      Tier Address  Length : 7 
      Number of Tier Address : 1, value of z : 0 

TEST: Node appended successfully 3.1.1.3

*************** Neighbor Table *************
 ------- 1.1 -----
 ------- 2.1.2 -----
 ------- 3.1.2.4 -----
 ------- 3.1.1.1 -----
 ------- 3.1.1.3 -----

 My labels are: 2.1.1 

CONV_TIME:1700148261.648760
ETH_SIZE:192
CHURN_TRUE

_get_MACTest : checkMSGType=9

 Received MESSAGE_TYPE_LABELS_ACCEPTED 

Timestamp - 2023-11-16 15:24:21.648863187
CONV_TIME:1700148261.648870
ETH_SIZE:128

_get_MACTest : checkMSGType=7

Received MESSAGE_TYPE_JOIN from : eth3
Timestamp - 2023-11-16 15:24:21.649009412
My Tier Value = 2 
Tier Value of the Requested Node = 3 
MESSAGE_TYPE_JOIN request received from a node at lower tier 
Generating the label for the node
Interface from which the request recvd = eth3

 Inside generateChildLabel
 Child port = eth3
 Going through each of my tier addresses , primary address = 2.1.1

 Current TierAddress = 2.1.1 

 My TierAddress = 2.1.1
 After appending the uid of the parent, childLabel = 3.1.1 
 temp = .3
 After appending the port ID, ChildLabel = 3.1.1.3
 childLabel = 3.1.1.3  strlen(childLabel)=7
 newLabel->label = 3.1.1.3  strlen(newLabel->label)=7
 Created the new child label = 3.1.1.3

 Exit: generateChildLabel , Number of labels generated = 1 

msg_typ_join : Labels are generated

 msg_typ_join : Creating the payload to send the new labels 3.1.1.3

 msg_typ_join : labelAssignmentPayLoad(string) = 1
 label list is not null

 current label in the message = 3.1.1.3

 msg_typ_join : GETTING THE NEXT LABEL 

 Sending MESSAGE_TYPE_LABELS_AVAILABLE  to all the interface, interfaceListSize = 0 payloadSize=9 

CONV_TIME:1700148261.649067
ETH_SIZE:128

_get_MACTest : checkMSGType=5

 Message 5 on : eth3
Timestamp - 2023-11-16 15:24:21.649153803findParntLongst Inside first if temp =1.1  and temp1 = 2.1.1
 checkIfSubstring Compare : label1 = 2.1.1 and label2 = 1.1 

checkIfSubstring :Exit- Matched substring: (2.1.1) and (1.1)
findParntLongst Inside second if temp = 1.1 and temp1 = 2.1.1
Passing  ip mapping payload to 1.1 via eth4findParntLongst Inside first if temp =1.1  and temp1 = 2.1.1
 checkIfSubstring Compare : label1 = 2.1.1 and label2 = 1.1 

checkIfSubstring :Exit- Matched substring: (2.1.1) and (1.1)
findParntLongst Inside second if temp = 1.1 and temp1 = 2.1.1
Received ip address = 192.168.9.0 and its cdir 24 and need to send it my parent 1.1 via eth4
 endNWSend Called : eth4

Timestamp - 2023-11-16 15:24:21.649175895
CONV_TIME:1700148261.649188
ETH_SIZE:232

_get_MACTest : checkMSGType=10

 Received MESSAGE_TYPE_MY_LABELS_ADD on : eth3 

Timestamp - 2023-11-16 15:24:21.649321307  No. of Tier Addr : 1
      Tier Address  Length : 7 
      Number of Tier Address : 1, value of z : 0 

TEST: Node appended successfully 3.1.2.3

*************** Neighbor Table *************
 ------- 1.1 -----
 ------- 2.1.2 -----
 ------- 3.1.2.4 -----
 ------- 3.1.1.1 -----
 ------- 3.1.1.3 -----
 ------- 3.1.2.3 -----

 My labels are: 2.1.1 

CONV_TIME:1700148261.649340
ETH_SIZE:192
CHURN_TRUE

_get_MACTest : checkMSGType=5

 Message 5 on : eth3
Timestamp - 2023-11-16 15:24:21.649409604findParntLongst Inside first if temp =1.1  and temp1 = 2.1.1
 checkIfSubstring Compare : label1 = 2.1.1 and label2 = 1.1 

checkIfSubstring :Exit- Matched substring: (2.1.1) and (1.1)
findParntLongst Inside second if temp = 1.1 and temp1 = 2.1.1
Passing  ip mapping payload to 1.1 via eth4findParntLongst Inside first if temp =1.1  and temp1 = 2.1.1
 checkIfSubstring Compare : label1 = 2.1.1 and label2 = 1.1 

checkIfSubstring :Exit- Matched substring: (2.1.1) and (1.1)
findParntLongst Inside second if temp = 1.1 and temp1 = 2.1.1
Received ip address = 192.168.9.0 and its cdir 24 and need to send it my parent 1.1 via eth4
 endNWSend Called : eth4

Timestamp - 2023-11-16 15:24:21.649427798
CONV_TIME:1700148261.649440
ETH_SIZE:232

_get_MACTest : checkMSGType=9

 Received MESSAGE_TYPE_LABELS_ACCEPTED 

Timestamp - 2023-11-16 15:24:21.649561178
CONV_TIME:1700148261.649567
ETH_SIZE:128
